mode: set
gengine-0/internal/domain/game/attempt_service.go:16.53,18.2 1 1
gengine-0/internal/domain/game/attempt_service.go:21.99,23.94 2 1
gengine-0/internal/domain/game/attempt_service.go:23.94,25.3 1 0
gengine-0/internal/domain/game/attempt_service.go:27.2,27.64 1 1
gengine-0/internal/domain/game/attempt_service.go:27.64,34.52 2 1
gengine-0/internal/domain/game/attempt_service.go:34.52,36.4 1 0
gengine-0/internal/domain/game/attempt_service.go:37.3,37.29 1 1
gengine-0/internal/domain/game/attempt_service.go:40.2,41.34 2 1
gengine-0/internal/domain/game/attempt_service.go:41.34,42.31 1 1
gengine-0/internal/domain/game/attempt_service.go:42.31,43.39 1 1
gengine-0/internal/domain/game/attempt_service.go:43.39,45.10 2 1
gengine-0/internal/domain/game/attempt_service.go:48.3,48.14 1 1
gengine-0/internal/domain/game/attempt_service.go:48.14,49.9 1 1
gengine-0/internal/domain/game/attempt_service.go:53.2,59.51 2 1
gengine-0/internal/domain/game/attempt_service.go:59.51,61.3 1 0
gengine-0/internal/domain/game/attempt_service.go:62.2,62.30 1 1
gengine-0/internal/domain/game/attempt_service.go:66.97,74.51 2 0
gengine-0/internal/domain/game/attempt_service.go:74.51,76.3 1 0
gengine-0/internal/domain/game/attempt_service.go:77.2,77.21 1 0
gengine-0/internal/domain/game/attempt_service.go:81.78,87.16 3 1
gengine-0/internal/domain/game/attempt_service.go:87.16,89.3 1 0
gengine-0/internal/domain/game/attempt_service.go:90.2,91.38 2 1
gengine-0/internal/domain/game/attempt_service.go:95.97,101.16 3 0
gengine-0/internal/domain/game/attempt_service.go:101.16,103.3 1 0
gengine-0/internal/domain/game/attempt_service.go:104.2,105.36 2 0
gengine-0/internal/domain/game/co_author_service.go:12.55,14.2 1 1
gengine-0/internal/domain/game/co_author_service.go:16.76,18.56 2 1
gengine-0/internal/domain/game/co_author_service.go:18.56,20.3 1 0
gengine-0/internal/domain/game/co_author_service.go:21.2,21.29 1 1
gengine-0/internal/domain/game/co_author_service.go:21.29,23.3 1 0
gengine-0/internal/domain/game/co_author_service.go:24.2,26.23 3 1
gengine-0/internal/domain/game/co_author_service.go:29.97,31.56 2 1
gengine-0/internal/domain/game/co_author_service.go:31.56,33.3 1 0
gengine-0/internal/domain/game/co_author_service.go:34.2,34.29 1 1
gengine-0/internal/domain/game/co_author_service.go:34.29,36.3 1 1
gengine-0/internal/domain/game/co_author_service.go:37.2,39.16 3 0
gengine-0/internal/domain/game/co_author_service.go:39.16,41.3 1 0
gengine-0/internal/domain/game/co_author_service.go:42.2,42.22 1 0
gengine-0/internal/domain/game/co_author_service.go:43.17,44.68 1 0
gengine-0/internal/domain/game/co_author_service.go:45.19,46.37 1 0
gengine-0/internal/domain/game/co_author_service.go:47.18,48.19 1 0
gengine-0/internal/domain/game/co_author_service.go:50.2,50.19 1 0
gengine-0/internal/domain/game/co_author_service.go:53.74,55.56 2 1
gengine-0/internal/domain/game/co_author_service.go:55.56,57.3 1 0
gengine-0/internal/domain/game/co_author_service.go:58.2,58.30 1 1
gengine-0/internal/domain/game/co_author_service.go:58.30,60.3 1 0
gengine-0/internal/domain/game/co_author_service.go:61.2,61.36 1 1
gengine-0/internal/domain/game/co_author_service.go:61.36,63.3 1 0
gengine-0/internal/domain/game/co_author_service.go:64.2,65.112 2 1
gengine-0/internal/domain/game/co_author_service.go:65.112,67.3 1 0
gengine-0/internal/domain/game/co_author_service.go:68.2,69.31 2 1
gengine-0/internal/domain/game/co_author_service.go:72.78,74.56 2 1
gengine-0/internal/domain/game/co_author_service.go:74.56,76.3 1 0
gengine-0/internal/domain/game/co_author_service.go:77.2,77.30 1 1
gengine-0/internal/domain/game/co_author_service.go:77.30,79.3 1 0
gengine-0/internal/domain/game/co_author_service.go:80.2,80.100 1 1
gengine-0/internal/domain/game/co_author_service.go:83.65,87.2 3 0
gengine-0/internal/domain/game/game_passing_service.go:15.104,17.2 1 1
gengine-0/internal/domain/game/game_passing_service.go:19.71,21.53 2 1
gengine-0/internal/domain/game/game_passing_service.go:21.53,23.3 1 0
gengine-0/internal/domain/game/game_passing_service.go:24.2,24.27 1 1
gengine-0/internal/domain/game/game_passing_service.go:24.27,26.3 1 1
gengine-0/internal/domain/game/game_passing_service.go:27.2,28.56 2 1
gengine-0/internal/domain/game/game_passing_service.go:28.56,30.3 1 0
gengine-0/internal/domain/game/game_passing_service.go:31.2,31.18 1 1
gengine-0/internal/domain/game/game_passing_service.go:31.18,33.3 1 0
gengine-0/internal/domain/game/game_passing_service.go:34.2,35.105 2 1
gengine-0/internal/domain/game/game_passing_service.go:35.105,37.3 1 0
gengine-0/internal/domain/game/game_passing_service.go:38.2,39.36 2 1
gengine-0/internal/domain/game/game_passing_service.go:42.77,46.2 3 0
gengine-0/internal/domain/game/game_passing_service.go:48.104,50.62 2 1
gengine-0/internal/domain/game/game_passing_service.go:50.62,52.3 1 0
gengine-0/internal/domain/game/game_passing_service.go:53.2,54.61 2 1
gengine-0/internal/domain/game/game_passing_service.go:54.61,56.3 1 0
gengine-0/internal/domain/game/game_passing_service.go:57.2,58.9 2 1
gengine-0/internal/domain/game/game_passing_service.go:58.9,60.3 1 0
gengine-0/internal/domain/game/game_passing_service.go:61.2,62.34 2 1
gengine-0/internal/domain/game/game_passing_service.go:65.70,67.62 2 1
gengine-0/internal/domain/game/game_passing_service.go:67.62,69.3 1 0
gengine-0/internal/domain/game/game_passing_service.go:70.2,73.16 4 1
gengine-0/internal/domain/game/game_passing_service.go:73.16,75.10 2 0
gengine-0/internal/domain/game/game_passing_service.go:75.10,77.4 1 0
gengine-0/internal/domain/game/game_passing_service.go:79.2,79.38 1 1
gengine-0/internal/domain/game/game_passing_service.go:79.38,81.3 1 0
gengine-0/internal/domain/game/game_passing_service.go:82.2,83.34 2 1
gengine-0/internal/domain/game/handler.go:62.16,72.2 1 0
gengine-0/internal/domain/game/handler.go:75.44,79.14 4 0
gengine-0/internal/domain/game/handler.go:79.14,81.3 1 0
gengine-0/internal/domain/game/handler.go:82.2,82.34 1 0
gengine-0/internal/domain/game/handler.go:82.34,84.3 1 0
gengine-0/internal/domain/game/handler.go:86.2,96.60 4 0
gengine-0/internal/domain/game/handler.go:96.60,97.55 1 0
gengine-0/internal/domain/game/handler.go:97.55,100.4 2 0
gengine-0/internal/domain/game/handler.go:103.2,106.16 3 0
gengine-0/internal/domain/game/handler.go:106.16,109.3 2 0
gengine-0/internal/domain/game/handler.go:111.2,121.4 2 0
gengine-0/internal/domain/game/handler.go:125.44,130.16 4 0
gengine-0/internal/domain/game/handler.go:130.16,133.3 2 0
gengine-0/internal/domain/game/handler.go:135.2,150.4 5 0
gengine-0/internal/domain/game/handler.go:154.47,159.2 1 0
gengine-0/internal/domain/game/handler.go:162.46,165.41 3 0
gengine-0/internal/domain/game/handler.go:165.41,172.3 2 0
gengine-0/internal/domain/game/handler.go:174.2,175.16 2 0
gengine-0/internal/domain/game/handler.go:175.16,176.16 1 0
gengine-0/internal/domain/game/handler.go:176.16,176.36 1 0
gengine-0/internal/domain/game/handler.go:177.3,177.32 1 0
gengine-0/internal/domain/game/handler.go:177.32,184.4 2 0
gengine-0/internal/domain/game/handler.go:186.3,189.34 4 0
gengine-0/internal/domain/game/handler.go:189.34,190.24 1 0
gengine-0/internal/domain/game/handler.go:190.24,192.10 2 0
gengine-0/internal/domain/game/handler.go:195.3,195.15 1 0
gengine-0/internal/domain/game/handler.go:195.15,202.4 2 0
gengine-0/internal/domain/game/handler.go:204.3,205.17 2 0
gengine-0/internal/domain/game/handler.go:205.17,213.4 3 0
gengine-0/internal/domain/game/handler.go:214.3,214.24 1 0
gengine-0/internal/domain/game/handler.go:217.2,217.57 1 0
gengine-0/internal/domain/game/handler.go:217.57,218.24 1 0
gengine-0/internal/domain/game/handler.go:218.24,219.62 1 0
gengine-0/internal/domain/game/handler.go:219.62,221.5 1 0
gengine-0/internal/domain/game/handler.go:223.3,228.9 2 0
gengine-0/internal/domain/game/handler.go:231.2,231.40 1 0
gengine-0/internal/domain/game/handler.go:235.48,240.16 4 0
gengine-0/internal/domain/game/handler.go:240.16,243.3 2 0
gengine-0/internal/domain/game/handler.go:245.2,246.16 2 0
gengine-0/internal/domain/game/handler.go:246.16,249.3 2 0
gengine-0/internal/domain/game/handler.go:251.2,255.4 1 0
gengine-0/internal/domain/game/handler.go:259.46,264.47 4 0
gengine-0/internal/domain/game/handler.go:264.47,271.3 2 0
gengine-0/internal/domain/game/handler.go:272.2,275.16 3 0
gengine-0/internal/domain/game/handler.go:275.16,278.3 2 0
gengine-0/internal/domain/game/handler.go:280.2,280.67 1 0
gengine-0/internal/domain/game/handler.go:280.67,281.30 1 0
gengine-0/internal/domain/game/handler.go:281.30,282.62 1 0
gengine-0/internal/domain/game/handler.go:282.62,284.5 1 0
gengine-0/internal/domain/game/handler.go:286.3,286.25 1 0
gengine-0/internal/domain/game/handler.go:287.8,289.17 2 0
gengine-0/internal/domain/game/handler.go:289.17,290.17 1 0
gengine-0/internal/domain/game/handler.go:290.17,290.37 1 0
gengine-0/internal/domain/game/handler.go:291.4,291.33 1 0
gengine-0/internal/domain/game/handler.go:291.33,298.5 2 0
gengine-0/internal/domain/game/handler.go:300.4,303.35 4 0
gengine-0/internal/domain/game/handler.go:303.35,304.25 1 0
gengine-0/internal/domain/game/handler.go:304.25,306.11 2 0
gengine-0/internal/domain/game/handler.go:309.4,309.16 1 0
gengine-0/internal/domain/game/handler.go:309.16,316.5 2 0
gengine-0/internal/domain/game/handler.go:318.4,319.18 2 0
gengine-0/internal/domain/game/handler.go:319.18,327.5 3 0
gengine-0/internal/domain/game/handler.go:328.4,328.31 1 0
gengine-0/internal/domain/game/handler.go:328.31,329.63 1 0
gengine-0/internal/domain/game/handler.go:329.63,331.6 1 0
gengine-0/internal/domain/game/handler.go:333.4,333.31 1 0
gengine-0/internal/domain/game/handler.go:334.9,336.4 1 0
gengine-0/internal/domain/game/handler.go:339.2,339.73 1 0
gengine-0/internal/domain/game/handler.go:339.73,342.3 2 0
gengine-0/internal/domain/game/handler.go:344.2,344.55 1 0
gengine-0/internal/domain/game/handler.go:348.46,352.63 3 0
gengine-0/internal/domain/game/handler.go:352.63,355.3 2 0
gengine-0/internal/domain/game/handler.go:357.2,357.40 1 0
gengine-0/internal/domain/game/handler.go:361.47,365.64 3 0
gengine-0/internal/domain/game/handler.go:365.64,368.3 2 0
gengine-0/internal/domain/game/handler.go:370.2,370.55 1 0
gengine-0/internal/domain/game/handler.go:376.52,381.16 4 0
gengine-0/internal/domain/game/handler.go:381.16,384.3 2 0
gengine-0/internal/domain/game/handler.go:386.2,392.4 1 0
gengine-0/internal/domain/game/handler.go:396.49,408.2 4 0
gengine-0/internal/domain/game/handler.go:411.45,416.45 4 0
gengine-0/internal/domain/game/handler.go:416.45,426.3 3 0
gengine-0/internal/domain/game/handler.go:428.2,428.83 1 0
gengine-0/internal/domain/game/handler.go:428.83,438.3 3 0
gengine-0/internal/domain/game/handler.go:440.2,440.55 1 0
gengine-0/internal/domain/game/handler.go:444.59,448.100 3 0
gengine-0/internal/domain/game/handler.go:448.100,451.3 2 0
gengine-0/internal/domain/game/handler.go:453.2,453.67 1 0
gengine-0/internal/domain/game/handler.go:457.49,460.89 2 0
gengine-0/internal/domain/game/handler.go:460.89,463.3 2 0
gengine-0/internal/domain/game/handler.go:465.2,465.66 1 0
gengine-0/internal/domain/game/handler.go:469.51,472.68 2 0
gengine-0/internal/domain/game/handler.go:472.68,475.3 2 0
gengine-0/internal/domain/game/handler.go:477.2,477.66 1 0
gengine-0/internal/domain/game/handler.go:481.54,485.45 3 0
gengine-0/internal/domain/game/handler.go:485.45,488.3 2 0
gengine-0/internal/domain/game/handler.go:490.2,490.81 1 0
gengine-0/internal/domain/game/handler.go:490.81,493.3 2 0
gengine-0/internal/domain/game/handler.go:495.2,495.66 1 0
gengine-0/internal/domain/game/handler.go:501.55,504.16 3 0
gengine-0/internal/domain/game/handler.go:504.16,507.3 2 0
gengine-0/internal/domain/game/handler.go:508.2,513.4 1 0
gengine-0/internal/domain/game/handler.go:517.51,522.45 4 0
gengine-0/internal/domain/game/handler.go:522.45,525.3 2 0
gengine-0/internal/domain/game/handler.go:527.2,527.83 1 0
gengine-0/internal/domain/game/handler.go:527.83,530.3 2 0
gengine-0/internal/domain/game/handler.go:531.2,531.69 1 0
gengine-0/internal/domain/game/handler.go:535.54,540.86 4 0
gengine-0/internal/domain/game/handler.go:540.86,543.3 2 0
gengine-0/internal/domain/game/handler.go:544.2,544.69 1 0
gengine-0/internal/domain/game/handler.go:550.45,554.16 4 0
gengine-0/internal/domain/game/handler.go:554.16,557.3 2 0
gengine-0/internal/domain/game/handler.go:558.2,558.46 1 0
gengine-0/internal/domain/game/handler.go:562.50,569.49 4 0
gengine-0/internal/domain/game/handler.go:569.49,572.3 2 0
gengine-0/internal/domain/game/handler.go:573.2,574.16 2 0
gengine-0/internal/domain/game/handler.go:574.16,577.3 2 0
gengine-0/internal/domain/game/handler.go:578.2,578.49 1 0
gengine-0/internal/domain/game/handler.go:582.50,585.67 3 0
gengine-0/internal/domain/game/handler.go:585.67,588.3 2 0
gengine-0/internal/domain/game/handler.go:589.2,589.46 1 0
gengine-0/internal/domain/game/handler.go:595.48,599.16 4 0
gengine-0/internal/domain/game/handler.go:599.16,602.3 2 0
gengine-0/internal/domain/game/handler.go:603.2,607.4 1 0
gengine-0/internal/domain/game/handler.go:631.20,641.2 1 0
gengine-0/internal/domain/game/handler.go:644.52,649.16 4 0
gengine-0/internal/domain/game/handler.go:649.16,652.3 2 0
gengine-0/internal/domain/game/handler.go:654.2,655.78 2 0
gengine-0/internal/domain/game/handler.go:655.78,658.3 2 0
gengine-0/internal/domain/game/handler.go:659.2,659.45 1 0
gengine-0/internal/domain/game/handler.go:659.45,662.3 2 0
gengine-0/internal/domain/game/handler.go:664.2,666.89 3 0
gengine-0/internal/domain/game/handler.go:666.89,667.37 1 0
gengine-0/internal/domain/game/handler.go:667.37,671.21 4 0
gengine-0/internal/domain/game/handler.go:671.21,673.5 1 0
gengine-0/internal/domain/game/handler.go:674.4,674.43 1 0
gengine-0/internal/domain/game/handler.go:678.2,695.4 5 0
gengine-0/internal/domain/game/handler.go:699.54,703.49 3 0
gengine-0/internal/domain/game/handler.go:703.49,706.3 2 0
gengine-0/internal/domain/game/handler.go:708.2,709.45 2 0
gengine-0/internal/domain/game/handler.go:709.45,716.3 2 0
gengine-0/internal/domain/game/handler.go:718.2,719.16 2 0
gengine-0/internal/domain/game/handler.go:719.16,726.3 2 0
gengine-0/internal/domain/game/handler.go:728.2,728.21 1 0
gengine-0/internal/domain/game/handler.go:728.21,730.3 1 0
gengine-0/internal/domain/game/handler.go:730.8,732.3 1 0
gengine-0/internal/domain/game/handler.go:736.51,738.84 2 0
gengine-0/internal/domain/game/handler.go:738.84,745.3 2 0
gengine-0/internal/domain/game/handler.go:746.2,746.62 1 0
gengine-0/internal/domain/game/handler.go:750.54,754.49 3 0
gengine-0/internal/domain/game/handler.go:754.49,757.3 2 0
gengine-0/internal/domain/game/handler.go:759.2,760.16 2 0
gengine-0/internal/domain/game/handler.go:760.16,767.3 2 0
gengine-0/internal/domain/game/handler.go:768.2,768.15 1 0
gengine-0/internal/domain/game/handler.go:768.15,768.35 1 0
gengine-0/internal/domain/game/handler.go:770.2,770.32 1 0
gengine-0/internal/domain/game/handler.go:770.32,777.3 2 0
gengine-0/internal/domain/game/handler.go:779.2,781.16 3 0
gengine-0/internal/domain/game/handler.go:781.16,789.3 3 0
gengine-0/internal/domain/game/handler.go:791.2,792.16 2 0
gengine-0/internal/domain/game/handler.go:792.16,800.3 3 0
gengine-0/internal/domain/game/handler.go:801.2,801.62 1 0
gengine-0/internal/domain/game/handler.go:807.56,812.16 4 0
gengine-0/internal/domain/game/handler.go:812.16,815.3 2 0
gengine-0/internal/domain/game/handler.go:816.2,816.73 1 0
gengine-0/internal/domain/game/handler.go:820.56,823.16 3 0
gengine-0/internal/domain/game/handler.go:823.16,826.3 2 0
gengine-0/internal/domain/game/handler.go:827.2,832.4 1 0
gengine-0/internal/domain/game/handler.go:836.58,840.45 3 0
gengine-0/internal/domain/game/handler.go:840.45,847.3 2 0
gengine-0/internal/domain/game/handler.go:849.2,849.106 1 0
gengine-0/internal/domain/game/handler.go:849.106,852.3 2 0
gengine-0/internal/domain/game/handler.go:853.2,853.65 1 0
gengine-0/internal/domain/game/handler.go:857.57,859.90 2 0
gengine-0/internal/domain/game/handler.go:859.90,862.3 2 0
gengine-0/internal/domain/game/handler.go:863.2,863.65 1 0
gengine-0/internal/domain/game/handler.go:869.56,871.97 2 0
gengine-0/internal/domain/game/handler.go:871.97,874.3 2 0
gengine-0/internal/domain/game/handler.go:875.2,875.71 1 0
gengine-0/internal/domain/game/handler.go:880.71,882.53 2 0
gengine-0/internal/domain/game/handler.go:882.53,884.3 1 0
gengine-0/internal/domain/game/handler.go:885.2,885.27 1 0
gengine-0/internal/domain/game/handler.go:885.27,887.3 1 0
gengine-0/internal/domain/game/handler.go:888.2,890.18 3 0
gengine-0/internal/domain/game/handler.go:893.77,895.62 2 0
gengine-0/internal/domain/game/handler.go:895.62,897.3 1 0
gengine-0/internal/domain/game/handler.go:898.2,898.47 1 0
gengine-0/internal/domain/game/level_progress_service.go:16.65,18.2 1 1
gengine-0/internal/domain/game/level_progress_service.go:21.73,24.15 3 1
gengine-0/internal/domain/game/level_progress_service.go:24.15,26.3 1 0
gengine-0/internal/domain/game/level_progress_service.go:28.2,29.67 2 1
gengine-0/internal/domain/game/level_progress_service.go:29.67,31.3 1 1
gengine-0/internal/domain/game/level_progress_service.go:31.54,33.3 1 0
gengine-0/internal/domain/game/level_progress_service.go:35.2,36.22 2 1
gengine-0/internal/domain/game/level_progress_service.go:36.22,38.3 1 0
gengine-0/internal/domain/game/level_progress_service.go:40.2,46.36 3 1
gengine-0/internal/domain/game/level_progress_service.go:50.82,56.44 3 0
gengine-0/internal/domain/game/level_progress_service.go:56.44,58.3 1 0
gengine-0/internal/domain/game/level_progress_service.go:59.2,59.23 1 0
gengine-0/internal/domain/game/level_progress_service.go:63.64,66.48 3 1
gengine-0/internal/domain/game/level_progress_service.go:66.48,68.3 1 0
gengine-0/internal/domain/game/level_progress_service.go:69.2,69.73 1 1
gengine-0/internal/domain/game/level_progress_service.go:73.82,75.65 2 1
gengine-0/internal/domain/game/level_progress_service.go:75.65,77.3 1 1
gengine-0/internal/domain/game/level_progress_service.go:77.54,79.3 1 0
gengine-0/internal/domain/game/level_progress_service.go:81.2,83.29 3 1
gengine-0/internal/domain/game/level_progress_service.go:83.29,84.26 1 1
gengine-0/internal/domain/game/level_progress_service.go:84.26,85.12 1 0
gengine-0/internal/domain/game/level_progress_service.go:87.3,87.19 1 1
gengine-0/internal/domain/game/level_progress_service.go:87.19,94.4 2 1
gengine-0/internal/domain/game/level_progress_service.go:95.3,95.33 1 1
gengine-0/internal/domain/game/level_progress_service.go:95.33,97.4 1 1
gengine-0/internal/domain/game/level_progress_service.go:100.2,100.37 1 1
gengine-0/internal/domain/game/level_progress_service.go:100.37,103.3 2 1
gengine-0/internal/domain/game/level_progress_service.go:104.2,104.12 1 0
gengine-0/internal/domain/game/level_progress_service.go:108.54,112.6 3 0
gengine-0/internal/domain/game/level_progress_service.go:112.6,113.10 1 0
gengine-0/internal/domain/game/level_progress_service.go:114.21,115.10 1 0
gengine-0/internal/domain/game/level_progress_service.go:116.19,123.39 4 0
gengine-0/internal/domain/game/level_progress_service.go:123.39,125.38 2 0
gengine-0/internal/domain/game/level_progress_service.go:125.38,128.26 3 0
gengine-0/internal/domain/game/level_progress_service.go:128.26,130.47 2 0
gengine-0/internal/domain/game/level_progress_service.go:130.47,132.16 2 0
gengine-0/internal/domain/game/level_progress_service.go:134.7,134.80 1 0
gengine-0/internal/domain/game/level_progress_service.go:134.80,136.8 1 0
gengine-0/internal/domain/game/level_progress_service.go:145.60,149.6 3 0
gengine-0/internal/domain/game/level_progress_service.go:149.6,150.10 1 0
gengine-0/internal/domain/game/level_progress_service.go:151.21,152.10 1 0
gengine-0/internal/domain/game/level_progress_service.go:153.19,160.28 4 0
gengine-0/internal/domain/game/level_progress_service.go:160.28,161.58 1 0
gengine-0/internal/domain/game/level_progress_service.go:161.58,162.14 1 0
gengine-0/internal/domain/game/level_progress_service.go:164.5,166.25 3 0
gengine-0/internal/domain/game/level_progress_service.go:166.25,167.14 1 0
gengine-0/internal/domain/game/level_progress_service.go:170.5,172.32 3 0
gengine-0/internal/domain/game/level_progress_service.go:172.32,176.6 3 0
gengine-0/internal/domain/game/monitor_service.go:28.53,34.2 1 1
gengine-0/internal/domain/game/monitor_service.go:52.82,54.84 2 0
gengine-0/internal/domain/game/monitor_service.go:54.84,57.3 2 0
gengine-0/internal/domain/game/monitor_service.go:58.2,61.16 3 0
gengine-0/internal/domain/game/monitor_service.go:61.16,63.3 1 0
gengine-0/internal/domain/game/monitor_service.go:65.2,72.22 4 0
gengine-0/internal/domain/game/monitor_service.go:76.55,80.2 3 1
gengine-0/internal/domain/game/monitor_service.go:83.76,91.16 3 0
gengine-0/internal/domain/game/monitor_service.go:91.16,93.3 1 0
gengine-0/internal/domain/game/monitor_service.go:95.2,100.29 5 0
gengine-0/internal/domain/game/monitor_service.go:100.29,114.40 6 0
gengine-0/internal/domain/game/monitor_service.go:114.40,117.28 2 0
gengine-0/internal/domain/game/monitor_service.go:117.28,121.5 3 0
gengine-0/internal/domain/game/monitor_service.go:121.10,121.34 1 0
gengine-0/internal/domain/game/monitor_service.go:121.34,123.5 1 0
gengine-0/internal/domain/game/monitor_service.go:126.3,135.42 8 0
gengine-0/internal/domain/game/monitor_service.go:138.2,138.26 1 0
gengine-0/internal/domain/game/monitor_service.go:142.62,144.111 2 1
gengine-0/internal/domain/game/monitor_service.go:144.111,146.3 1 1
gengine-0/internal/domain/game/monitor_service.go:148.2,153.29 3 0
gengine-0/internal/domain/game/monitor_service.go:153.29,157.33 4 0
gengine-0/internal/domain/game/monitor_service.go:157.33,158.28 1 0
gengine-0/internal/domain/game/monitor_service.go:158.28,160.5 1 0
gengine-0/internal/domain/game/monitor_service.go:162.3,163.50 2 0
gengine-0/internal/domain/game/monitor_service.go:166.2,166.42 1 0
gengine-0/internal/domain/game/monitor_service.go:166.42,166.94 1 0
gengine-0/internal/domain/game/monitor_service.go:167.2,167.30 1 0
gengine-0/internal/domain/game/monitor_service.go:167.30,170.3 2 0
gengine-0/internal/domain/game/monitor_service.go:171.2,171.12 1 0
gengine-0/internal/domain/game/monitor_service.go:175.82,178.24 3 0
gengine-0/internal/domain/game/monitor_service.go:178.24,180.3 1 0
gengine-0/internal/domain/game/monitor_service.go:182.2,189.24 4 0
gengine-0/internal/domain/game/monitor_service.go:189.24,191.3 1 0
gengine-0/internal/domain/game/monitor_service.go:193.2,194.15 2 0
gengine-0/internal/domain/game/monitor_service.go:194.15,196.3 1 0
gengine-0/internal/domain/game/monitor_service.go:198.2,200.29 3 0
gengine-0/internal/domain/game/monitor_service.go:200.29,201.17 1 0
gengine-0/internal/domain/game/monitor_service.go:201.17,202.26 1 0
gengine-0/internal/domain/game/monitor_service.go:202.26,204.20 2 0
gengine-0/internal/domain/game/monitor_service.go:204.20,206.6 1 0
gengine-0/internal/domain/game/monitor_service.go:207.10,210.5 2 0
gengine-0/internal/domain/game/monitor_service.go:211.9,214.4 2 0
gengine-0/internal/domain/game/monitor_service.go:216.2,216.18 1 0
gengine-0/internal/domain/game/monitor_service.go:219.45,223.11 4 0
gengine-0/internal/domain/game/monitor_service.go:223.11,225.3 1 0
gengine-0/internal/domain/game/monitor_service.go:226.2,226.41 1 0
gengine-0/internal/domain/game/note_service.go:13.68,15.2 1 0
gengine-0/internal/domain/game/note_service.go:17.71,19.16 2 0
gengine-0/internal/domain/game/note_service.go:19.16,21.3 1 0
gengine-0/internal/domain/game/note_service.go:22.2,24.19 3 0
gengine-0/internal/domain/game/note_service.go:27.99,29.16 2 0
gengine-0/internal/domain/game/note_service.go:29.16,31.3 1 0
gengine-0/internal/domain/game/note_service.go:32.2,33.49 2 0
gengine-0/internal/domain/game/note_service.go:33.49,35.3 1 0
gengine-0/internal/domain/game/note_service.go:36.2,37.19 2 0
gengine-0/internal/domain/game/note_service.go:40.57,42.56 2 0
gengine-0/internal/domain/game/note_service.go:42.56,44.3 1 0
gengine-0/internal/domain/game/note_service.go:45.2,46.41 2 0
gengine-0/internal/domain/game/note_service.go:46.41,48.3 1 0
gengine-0/internal/domain/game/note_service.go:49.2,49.33 1 0
gengine-0/internal/domain/game/rating_handler.go:17.68,19.2 1 0
gengine-0/internal/domain/game/rating_handler.go:22.53,24.16 2 0
gengine-0/internal/domain/game/rating_handler.go:24.16,27.3 2 0
gengine-0/internal/domain/game/rating_handler.go:29.2,35.28 3 0
gengine-0/internal/domain/game/rating_handler.go:35.28,41.3 1 0
gengine-0/internal/domain/game/rating_handler.go:43.2,45.4 1 0
gengine-0/internal/domain/game/rating_service.go:14.51,16.2 1 0
gengine-0/internal/domain/game/rating_service.go:18.65,33.29 5 0
gengine-0/internal/domain/game/rating_service.go:33.29,42.21 8 0
gengine-0/internal/domain/game/rating_service.go:42.21,43.20 1 0
gengine-0/internal/domain/game/rating_service.go:44.11,45.20 1 0
gengine-0/internal/domain/game/rating_service.go:46.11,47.19 1 0
gengine-0/internal/domain/game/rating_service.go:48.11,49.19 1 0
gengine-0/internal/domain/game/rating_service.go:52.3,52.31 1 0
gengine-0/internal/domain/game/rating_service.go:52.31,58.4 1 0
gengine-0/internal/domain/game/rating_service.go:60.2,60.12 1 0
gengine-0/internal/domain/game/rating_service.go:63.75,67.2 3 0
gengine-0/internal/domain/game/rating_service.go:69.43,72.28 3 0
gengine-0/internal/domain/game/rating_service.go:72.28,73.27 1 0
gengine-0/internal/domain/game/rating_service.go:73.27,76.4 2 0
gengine-0/internal/domain/game/rating_service.go:78.2,78.10 1 0
gengine-0/internal/domain/game/review_handler.go:16.68,18.2 1 0
gengine-0/internal/domain/game/review_handler.go:21.50,26.24 4 0
gengine-0/internal/domain/game/review_handler.go:26.24,29.3 2 0
gengine-0/internal/domain/game/review_handler.go:31.2,33.4 1 0
gengine-0/internal/domain/game/review_handler.go:37.48,43.86 5 0
gengine-0/internal/domain/game/review_handler.go:43.86,49.3 2 0
gengine-0/internal/domain/game/review_handler.go:51.2,51.60 1 0
gengine-0/internal/domain/game/review_service.go:12.51,14.2 1 0
gengine-0/internal/domain/game/review_service.go:16.70,24.16 3 0
gengine-0/internal/domain/game/review_service.go:24.16,26.3 1 0
gengine-0/internal/domain/game/review_service.go:27.2,33.36 3 0
gengine-0/internal/domain/game/review_service.go:33.36,35.3 1 0
gengine-0/internal/domain/game/review_service.go:36.2,38.30 3 0
gengine-0/internal/domain/game/review_service.go:41.87,42.31 1 0
gengine-0/internal/domain/game/review_service.go:42.31,44.3 1 0
gengine-0/internal/domain/game/review_service.go:45.2,46.16 2 0
gengine-0/internal/domain/game/review_service.go:46.16,48.3 1 0
gengine-0/internal/domain/game/review_service.go:49.2,49.10 1 0
gengine-0/internal/domain/game/review_service.go:49.10,51.3 1 0
gengine-0/internal/domain/game/review_service.go:52.2,53.35 2 0
gengine-0/internal/domain/game/review_service.go:56.67,60.2 3 0
gengine-0/internal/domain/game/review_service.go:62.79,72.2 3 0
gengine-0/internal/domain/game/routes.go:29.3,55.2 20 0
gengine-0/internal/domain/game/routes.go:55.2,61.3 5 0
gengine-0/internal/domain/game/routes.go:61.3,69.4 7 0
gengine-0/internal/domain/game/routes.go:71.3,73.3 3 0
gengine-0/internal/domain/game/routes.go:73.3,77.4 3 0
gengine-0/internal/domain/game/routes.go:80.3,93.66 10 0
gengine-0/internal/domain/game/routes.go:101.3,109.2 7 0
gengine-0/internal/domain/game/routes.go:109.2,111.3 1 0
gengine-0/internal/domain/game/routes.go:113.2,119.2 6 0
gengine-0/internal/domain/game/routes.go:119.2,121.3 1 0
gengine-0/internal/domain/game/routes.go:124.55,125.30 1 0
gengine-0/internal/domain/game/routes.go:125.30,127.17 2 0
gengine-0/internal/domain/game/routes.go:127.17,130.4 2 0
gengine-0/internal/domain/game/routes.go:131.3,132.18 2 0
gengine-0/internal/domain/game/routes.go:132.18,135.4 2 0
gengine-0/internal/domain/game/routes.go:136.3,137.52 2 0
gengine-0/internal/domain/game/routes.go:137.52,140.4 2 0
gengine-0/internal/domain/game/routes.go:141.3,141.27 1 0
gengine-0/internal/domain/game/routes.go:141.27,144.4 2 0
gengine-0/internal/domain/game/routes.go:145.3,145.11 1 0
gengine-0/internal/domain/game/service.go:43.16,54.2 1 1
gengine-0/internal/domain/game/service.go:59.63,63.2 3 1
gengine-0/internal/domain/game/service.go:66.70,68.93 2 0
gengine-0/internal/domain/game/service.go:68.93,70.3 1 0
gengine-0/internal/domain/game/service.go:71.2,71.47 1 0
gengine-0/internal/domain/game/service.go:71.47,73.3 1 0
gengine-0/internal/domain/game/service.go:74.2,74.34 1 0
gengine-0/internal/domain/game/service.go:74.34,76.17 2 0
gengine-0/internal/domain/game/service.go:76.17,78.4 1 0
gengine-0/internal/domain/game/service.go:80.2,80.19 1 0
gengine-0/internal/domain/game/service.go:84.122,88.23 3 0
gengine-0/internal/domain/game/service.go:89.15,90.76 1 0
gengine-0/internal/domain/game/service.go:91.19,92.42 1 0
gengine-0/internal/domain/game/service.go:95.2,95.25 1 0
gengine-0/internal/domain/game/service.go:95.25,97.3 1 0
gengine-0/internal/domain/game/service.go:98.2,98.27 1 0
gengine-0/internal/domain/game/service.go:98.27,99.77 1 0
gengine-0/internal/domain/game/service.go:99.77,101.4 1 0
gengine-0/internal/domain/game/service.go:103.2,103.25 1 0
gengine-0/internal/domain/game/service.go:103.25,104.73 1 0
gengine-0/internal/domain/game/service.go:104.73,106.4 1 0
gengine-0/internal/domain/game/service.go:108.2,108.28 1 0
gengine-0/internal/domain/game/service.go:108.28,110.3 1 0
gengine-0/internal/domain/game/service.go:112.2,116.17 4 0
gengine-0/internal/domain/game/service.go:116.17,118.21 2 0
gengine-0/internal/domain/game/service.go:119.15,120.16 1 0
gengine-0/internal/domain/game/service.go:121.20,122.21 1 0
gengine-0/internal/domain/game/service.go:123.17,124.89 1 0
gengine-0/internal/domain/game/service.go:125.23,126.148 1 0
gengine-0/internal/domain/game/service.go:128.3,129.29 2 0
gengine-0/internal/domain/game/service.go:129.29,131.4 1 0
gengine-0/internal/domain/game/service.go:132.3,132.53 1 0
gengine-0/internal/domain/game/service.go:134.2,138.79 4 0
gengine-0/internal/domain/game/service.go:138.79,140.3 1 0
gengine-0/internal/domain/game/service.go:141.2,141.26 1 0
gengine-0/internal/domain/game/service.go:145.73,147.52 2 0
gengine-0/internal/domain/game/service.go:147.52,149.3 1 0
gengine-0/internal/domain/game/service.go:150.2,151.16 2 0
gengine-0/internal/domain/game/service.go:151.16,153.3 1 0
gengine-0/internal/domain/game/service.go:154.2,161.31 8 0
gengine-0/internal/domain/game/service.go:165.59,167.52 2 1
gengine-0/internal/domain/game/service.go:167.52,169.3 1 0
gengine-0/internal/domain/game/service.go:170.2,171.16 2 1
gengine-0/internal/domain/game/service.go:171.16,173.3 1 0
gengine-0/internal/domain/game/service.go:174.2,174.19 1 1
gengine-0/internal/domain/game/service.go:174.19,176.3 1 0
gengine-0/internal/domain/game/service.go:177.2,178.31 2 1
gengine-0/internal/domain/game/service.go:182.58,184.52 2 0
gengine-0/internal/domain/game/service.go:184.52,186.3 1 0
gengine-0/internal/domain/game/service.go:187.2,187.29 1 0
gengine-0/internal/domain/game/service.go:187.29,189.3 1 0
gengine-0/internal/domain/game/service.go:190.2,190.33 1 0
gengine-0/internal/domain/game/service.go:196.89,198.16 2 0
gengine-0/internal/domain/game/service.go:198.16,200.3 1 0
gengine-0/internal/domain/game/service.go:202.2,203.16 2 0
gengine-0/internal/domain/game/service.go:203.16,205.3 1 0
gengine-0/internal/domain/game/service.go:207.2,207.13 1 0
gengine-0/internal/domain/game/service.go:207.13,208.55 1 0
gengine-0/internal/domain/game/service.go:208.55,210.4 1 0
gengine-0/internal/domain/game/service.go:211.3,211.58 1 0
gengine-0/internal/domain/game/service.go:212.8,214.3 1 0
gengine-0/internal/domain/game/service.go:216.2,217.21 2 0
gengine-0/internal/domain/game/service.go:221.93,223.16 2 0
gengine-0/internal/domain/game/service.go:223.16,225.3 1 0
gengine-0/internal/domain/game/service.go:227.2,228.16 2 0
gengine-0/internal/domain/game/service.go:228.16,230.3 1 0
gengine-0/internal/domain/game/service.go:232.2,233.21 2 0
gengine-0/internal/domain/game/service.go:237.61,239.16 2 0
gengine-0/internal/domain/game/service.go:239.16,241.3 1 0
gengine-0/internal/domain/game/service.go:243.2,244.62 2 0
gengine-0/internal/domain/game/service.go:244.62,246.3 1 0
gengine-0/internal/domain/game/service.go:247.2,248.89 2 0
gengine-0/internal/domain/game/service.go:248.89,250.3 1 0
gengine-0/internal/domain/game/service.go:252.2,252.26 1 0
gengine-0/internal/domain/game/service.go:252.26,254.3 1 0
gengine-0/internal/domain/game/service.go:255.2,255.70 1 0
gengine-0/internal/domain/game/service.go:255.70,257.3 1 0
gengine-0/internal/domain/game/service.go:259.2,262.51 4 0
gengine-0/internal/domain/game/service.go:262.51,264.3 1 0
gengine-0/internal/domain/game/service.go:266.2,268.12 3 0
gengine-0/internal/domain/game/service.go:272.74,273.50 1 0
gengine-0/internal/domain/game/service.go:273.50,275.17 2 0
gengine-0/internal/domain/game/service.go:275.17,277.4 1 0
gengine-0/internal/domain/game/service.go:279.3,280.61 2 0
gengine-0/internal/domain/game/service.go:280.61,282.4 1 0
gengine-0/internal/domain/game/service.go:283.3,284.60 2 0
gengine-0/internal/domain/game/service.go:284.60,286.4 1 0
gengine-0/internal/domain/game/service.go:287.3,287.27 1 0
gengine-0/internal/domain/game/service.go:287.27,289.4 1 0
gengine-0/internal/domain/game/service.go:291.3,291.83 1 0
gengine-0/internal/domain/game/service.go:291.83,293.4 1 0
gengine-0/internal/domain/game/service.go:294.3,294.53 1 0
gengine-0/internal/domain/game/service.go:294.53,296.4 1 0
gengine-0/internal/domain/game/service.go:298.3,300.13 3 0
gengine-0/internal/domain/game/service.go:305.58,306.50 1 1
gengine-0/internal/domain/game/service.go:306.50,308.109 2 1
gengine-0/internal/domain/game/service.go:308.109,310.4 1 0
gengine-0/internal/domain/game/service.go:311.3,311.25 1 1
gengine-0/internal/domain/game/service.go:311.25,313.4 1 0
gengine-0/internal/domain/game/service.go:315.3,316.30 2 1
gengine-0/internal/domain/game/service.go:316.30,317.61 1 1
gengine-0/internal/domain/game/service.go:317.61,319.5 1 0
gengine-0/internal/domain/game/service.go:320.4,320.52 1 1
gengine-0/internal/domain/game/service.go:323.3,324.13 2 1
gengine-0/internal/domain/game/service.go:329.65,330.50 1 1
gengine-0/internal/domain/game/service.go:330.50,332.133 2 1
gengine-0/internal/domain/game/service.go:332.133,334.4 1 0
gengine-0/internal/domain/game/service.go:336.3,337.66 2 1
gengine-0/internal/domain/game/service.go:337.66,339.4 1 0
gengine-0/internal/domain/game/service.go:341.3,342.49 2 1
gengine-0/internal/domain/game/service.go:342.49,344.4 1 0
gengine-0/internal/domain/game/service.go:346.3,348.13 3 1
gengine-0/internal/domain/game/service.go:353.79,355.53 2 0
gengine-0/internal/domain/game/service.go:355.53,357.3 1 0
gengine-0/internal/domain/game/service.go:359.2,363.53 2 0
gengine-0/internal/domain/game/service.go:363.53,365.3 1 0
gengine-0/internal/domain/game/service.go:367.2,372.52 2 0
gengine-0/internal/domain/game/service.go:372.52,374.3 1 0
gengine-0/internal/domain/game/service.go:376.2,376.69 1 0
gengine-0/internal/domain/game/service.go:376.69,378.3 1 0
gengine-0/internal/domain/game/service.go:379.2,379.22 1 0
gengine-0/internal/domain/game/service.go:383.93,385.16 2 0
gengine-0/internal/domain/game/service.go:385.16,387.3 1 0
gengine-0/internal/domain/game/service.go:389.2,394.51 2 0
gengine-0/internal/domain/game/service.go:394.51,396.3 1 0
gengine-0/internal/domain/game/service.go:398.2,398.54 1 0
gengine-0/internal/domain/game/service.go:398.54,400.3 1 0
gengine-0/internal/domain/game/service.go:401.2,402.21 2 0
gengine-0/internal/domain/game/service.go:406.67,408.16 2 0
gengine-0/internal/domain/game/service.go:408.16,410.3 1 0
gengine-0/internal/domain/game/service.go:412.2,414.51 3 0
gengine-0/internal/domain/game/service.go:414.51,416.3 1 0
gengine-0/internal/domain/game/service.go:417.2,417.62 1 0
gengine-0/internal/domain/game/service.go:421.85,423.23 2 0
gengine-0/internal/domain/game/service.go:423.23,425.3 1 0
gengine-0/internal/domain/game/service.go:427.2,428.56 2 0
gengine-0/internal/domain/game/service.go:428.56,430.3 1 0
gengine-0/internal/domain/game/service.go:431.2,431.25 1 0
gengine-0/internal/domain/game/service.go:431.25,433.3 1 0
gengine-0/internal/domain/game/service.go:435.2,439.29 4 0
gengine-0/internal/domain/game/service.go:439.29,441.17 2 0
gengine-0/internal/domain/game/service.go:441.17,443.12 2 0
gengine-0/internal/domain/game/service.go:445.3,445.34 1 0
gengine-0/internal/domain/game/service.go:445.34,447.52 2 0
gengine-0/internal/domain/game/service.go:447.52,449.13 2 0
gengine-0/internal/domain/game/service.go:451.4,451.66 1 0
gengine-0/internal/domain/game/service.go:451.66,453.5 1 0
gengine-0/internal/domain/game/service.go:457.2,457.48 1 0
gengine-0/internal/domain/game/service.go:457.48,459.3 1 0
gengine-0/internal/domain/game/service.go:461.2,461.45 1 0
gengine-0/internal/domain/game/service.go:461.45,464.3 2 0
gengine-0/internal/domain/game/service.go:465.2,465.12 1 0
gengine-0/internal/domain/game/service.go:470.84,473.16 3 1
gengine-0/internal/domain/game/service.go:473.16,475.50 2 1
gengine-0/internal/domain/game/service.go:475.50,477.4 1 0
gengine-0/internal/domain/game/service.go:478.8,478.52 1 0
gengine-0/internal/domain/game/service.go:478.52,480.3 1 0
gengine-0/internal/domain/game/service.go:481.2,482.31 2 1
gengine-0/internal/domain/game/service.go:485.82,486.18 1 1
gengine-0/internal/domain/game/service.go:486.18,488.3 1 1
gengine-0/internal/domain/game/service.go:489.2,491.51 3 0
gengine-0/internal/domain/game/service.go:491.51,493.3 1 0
gengine-0/internal/domain/game/service.go:494.2,495.62 2 0
gengine-0/internal/domain/game/service.go:495.62,497.3 1 0
gengine-0/internal/domain/game/service.go:498.2,499.51 2 0
gengine-0/internal/domain/game/service.go:499.51,501.3 1 0
gengine-0/internal/domain/game/service.go:502.2,503.126 1 0
gengine-0/internal/domain/game/service.go:503.126,505.3 1 0
gengine-0/internal/domain/game/service.go:508.92,509.18 1 1
gengine-0/internal/domain/game/service.go:509.18,511.3 1 1
gengine-0/internal/domain/game/service.go:512.2,514.51 3 0
gengine-0/internal/domain/game/service.go:514.51,516.3 1 0
gengine-0/internal/domain/game/service.go:517.2,518.62 2 0
gengine-0/internal/domain/game/service.go:518.62,520.3 1 0
gengine-0/internal/domain/game/service.go:521.2,522.51 2 0
gengine-0/internal/domain/game/service.go:522.51,524.3 1 0
gengine-0/internal/domain/game/service.go:525.2,526.129 1 0
gengine-0/internal/domain/game/service.go:526.129,528.3 1 0
gengine-0/internal/domain/game/service.go:531.60,532.29 1 1
gengine-0/internal/domain/game/service.go:532.29,534.67 2 1
gengine-0/internal/domain/game/service.go:534.67,536.4 1 1
gengine-0/internal/domain/game/service.go:537.3,537.19 1 1
gengine-0/internal/domain/game/service.go:537.19,539.18 2 0
gengine-0/internal/domain/game/service.go:539.18,541.5 1 0
gengine-0/internal/domain/game/service.go:541.10,543.5 1 0
gengine-0/internal/domain/game/service.go:548.90,554.53 2 0
gengine-0/internal/domain/game/service.go:554.53,556.3 1 0
gengine-0/internal/domain/game/service.go:559.57,560.45 1 0
gengine-0/internal/domain/game/service.go:560.45,562.3 1 0
gengine-0/internal/domain/game/service.go:563.2,565.16 3 0
gengine-0/internal/domain/game/service.go:565.16,568.3 2 0
gengine-0/internal/domain/game/service.go:569.2,569.63 1 0
gengine-0/internal/domain/game/simulate_service.go:14.76,16.2 1 0
gengine-0/internal/domain/game/simulate_service.go:31.82,33.92 2 0
gengine-0/internal/domain/game/simulate_service.go:33.92,35.3 1 0
gengine-0/internal/domain/game/simulate_service.go:36.2,37.16 2 0
gengine-0/internal/domain/game/simulate_service.go:37.16,39.3 1 0
gengine-0/internal/domain/game/simulate_service.go:40.2,40.27 1 0
gengine-0/internal/domain/game/simulate_service.go:40.27,42.3 1 0
gengine-0/internal/domain/game/simulate_service.go:43.2,45.34 3 0
gengine-0/internal/domain/game/simulate_service.go:45.34,47.66 2 0
gengine-0/internal/domain/game/simulate_service.go:47.66,49.4 1 0
gengine-0/internal/domain/game/simulate_service.go:50.3,53.24 4 0
gengine-0/internal/domain/game/simulate_service.go:55.2,56.20 2 0
gengine-0/internal/domain/level/handler.go:37.17,45.2 1 0
gengine-0/internal/domain/level/handler.go:48.51,51.16 3 0
gengine-0/internal/domain/level/handler.go:51.16,54.3 2 0
gengine-0/internal/domain/level/handler.go:55.2,59.4 1 0
gengine-0/internal/domain/level/handler.go:63.53,70.2 2 0
gengine-0/internal/domain/level/handler.go:73.52,78.45 4 0
gengine-0/internal/domain/level/handler.go:78.45,86.3 2 0
gengine-0/internal/domain/level/handler.go:88.2,88.76 1 0
gengine-0/internal/domain/level/handler.go:88.76,96.3 2 0
gengine-0/internal/domain/level/handler.go:98.2,98.65 1 0
gengine-0/internal/domain/level/handler.go:102.50,105.16 3 0
gengine-0/internal/domain/level/handler.go:105.16,108.3 2 0
gengine-0/internal/domain/level/handler.go:109.2,113.4 1 0
gengine-0/internal/domain/level/handler.go:117.54,120.16 3 0
gengine-0/internal/domain/level/handler.go:120.16,123.3 2 0
gengine-0/internal/domain/level/handler.go:124.2,129.4 1 0
gengine-0/internal/domain/level/handler.go:133.52,138.47 4 0
gengine-0/internal/domain/level/handler.go:138.47,145.3 2 0
gengine-0/internal/domain/level/handler.go:147.2,147.79 1 0
gengine-0/internal/domain/level/handler.go:147.79,150.3 2 0
gengine-0/internal/domain/level/handler.go:152.2,152.65 1 0
gengine-0/internal/domain/level/handler.go:156.52,161.97 4 0
gengine-0/internal/domain/level/handler.go:161.97,164.3 2 0
gengine-0/internal/domain/level/handler.go:166.2,166.65 1 0
gengine-0/internal/domain/level/handler.go:170.55,175.16 4 0
gengine-0/internal/domain/level/handler.go:175.16,178.3 2 0
gengine-0/internal/domain/level/handler.go:180.2,180.49 1 0
gengine-0/internal/domain/level/handler.go:184.50,189.45 4 0
gengine-0/internal/domain/level/handler.go:189.45,192.3 2 0
gengine-0/internal/domain/level/handler.go:194.2,194.84 1 0
gengine-0/internal/domain/level/handler.go:194.84,197.3 2 0
gengine-0/internal/domain/level/handler.go:199.2,199.46 1 0
gengine-0/internal/domain/level/handler.go:208.76,210.2 1 0
gengine-0/internal/domain/level/handler.go:213.57,216.16 3 0
gengine-0/internal/domain/level/handler.go:216.16,219.3 2 0
gengine-0/internal/domain/level/handler.go:220.2,225.4 1 0
gengine-0/internal/domain/level/handler.go:229.59,237.2 2 0
gengine-0/internal/domain/level/handler.go:240.58,245.48 4 0
gengine-0/internal/domain/level/handler.go:245.48,253.3 2 0
gengine-0/internal/domain/level/handler.go:255.2,255.83 1 0
gengine-0/internal/domain/level/handler.go:255.83,263.3 2 0
gengine-0/internal/domain/level/handler.go:265.2,265.99 1 0
gengine-0/internal/domain/level/handler.go:269.56,272.16 3 0
gengine-0/internal/domain/level/handler.go:272.16,275.3 2 0
gengine-0/internal/domain/level/handler.go:276.2,281.4 1 0
gengine-0/internal/domain/level/handler.go:285.60,288.16 3 0
gengine-0/internal/domain/level/handler.go:288.16,291.3 2 0
gengine-0/internal/domain/level/handler.go:292.2,298.4 1 0
gengine-0/internal/domain/level/handler.go:302.58,307.47 4 0
gengine-0/internal/domain/level/handler.go:307.47,314.3 2 0
gengine-0/internal/domain/level/handler.go:316.2,316.85 1 0
gengine-0/internal/domain/level/handler.go:316.85,319.3 2 0
gengine-0/internal/domain/level/handler.go:321.2,321.99 1 0
gengine-0/internal/domain/level/handler.go:325.58,329.75 3 0
gengine-0/internal/domain/level/handler.go:329.75,332.3 2 0
gengine-0/internal/domain/level/handler.go:334.2,334.99 1 0
gengine-0/internal/domain/level/handler.go:343.68,345.2 1 0
gengine-0/internal/domain/level/handler.go:348.47,351.16 3 0
gengine-0/internal/domain/level/handler.go:351.16,354.3 2 0
gengine-0/internal/domain/level/handler.go:355.2,365.4 2 0
gengine-0/internal/domain/level/handler.go:369.48,374.46 4 0
gengine-0/internal/domain/level/handler.go:374.46,387.3 3 0
gengine-0/internal/domain/level/handler.go:389.2,389.82 1 0
gengine-0/internal/domain/level/handler.go:389.82,402.3 3 0
gengine-0/internal/domain/level/handler.go:404.2,404.134 1 0
gengine-0/internal/domain/level/handler.go:408.48,413.71 4 0
gengine-0/internal/domain/level/handler.go:413.71,427.3 4 0
gengine-0/internal/domain/level/handler.go:429.2,429.134 1 0
gengine-0/internal/domain/level/routes.go:23.3,40.2 13 0
gengine-0/internal/domain/level/routes.go:40.2,66.3 19 0
gengine-0/internal/domain/level/service.go:27.17,33.2 1 1
gengine-0/internal/domain/level/service.go:36.65,40.2 3 1
gengine-0/internal/domain/level/service.go:43.62,47.2 3 1
gengine-0/internal/domain/level/service.go:50.77,52.16 2 1
gengine-0/internal/domain/level/service.go:52.16,54.3 1 0
gengine-0/internal/domain/level/service.go:55.2,55.9 1 1
gengine-0/internal/domain/level/service.go:55.9,57.3 1 1
gengine-0/internal/domain/level/service.go:58.2,59.25 2 1
gengine-0/internal/domain/level/service.go:59.25,63.3 3 0
gengine-0/internal/domain/level/service.go:64.2,64.33 1 1
gengine-0/internal/domain/level/service.go:68.80,70.58 2 1
gengine-0/internal/domain/level/service.go:70.58,72.3 1 0
gengine-0/internal/domain/level/service.go:73.2,74.16 2 1
gengine-0/internal/domain/level/service.go:74.16,76.3 1 0
gengine-0/internal/domain/level/service.go:77.2,77.9 1 1
gengine-0/internal/domain/level/service.go:77.9,79.3 1 0
gengine-0/internal/domain/level/service.go:80.2,90.32 11 1
gengine-0/internal/domain/level/service.go:94.81,96.2 1 0
gengine-0/internal/domain/level/service.go:99.72,101.90 2 1
gengine-0/internal/domain/level/service.go:101.90,103.3 1 0
gengine-0/internal/domain/level/service.go:104.2,105.16 2 1
gengine-0/internal/domain/level/service.go:105.16,107.3 1 0
gengine-0/internal/domain/level/service.go:108.2,108.9 1 1
gengine-0/internal/domain/level/service.go:108.9,110.3 1 1
gengine-0/internal/domain/level/service.go:112.2,125.53 2 1
gengine-0/internal/domain/level/service.go:125.53,127.3 1 0
gengine-0/internal/domain/level/service.go:129.2,129.39 1 1
gengine-0/internal/domain/level/service.go:129.39,135.50 2 1
gengine-0/internal/domain/level/service.go:135.50,137.4 1 0
gengine-0/internal/domain/level/service.go:138.3,138.31 1 1
gengine-0/internal/domain/level/service.go:138.31,143.51 2 1
gengine-0/internal/domain/level/service.go:143.51,145.5 1 0
gengine-0/internal/domain/level/service.go:148.2,148.23 1 1
gengine-0/internal/domain/level/service.go:152.80,154.58 2 1
gengine-0/internal/domain/level/service.go:154.58,156.3 1 0
gengine-0/internal/domain/level/service.go:157.2,158.16 2 1
gengine-0/internal/domain/level/service.go:158.16,160.3 1 0
gengine-0/internal/domain/level/service.go:161.2,161.9 1 1
gengine-0/internal/domain/level/service.go:161.9,163.3 1 0
gengine-0/internal/domain/level/service.go:165.2,166.19 2 1
gengine-0/internal/domain/level/service.go:167.12,170.17 2 1
gengine-0/internal/domain/level/service.go:170.17,172.4 1 0
gengine-0/internal/domain/level/service.go:173.14,176.17 2 1
gengine-0/internal/domain/level/service.go:176.17,178.4 1 0
gengine-0/internal/domain/level/service.go:179.10,180.63 1 0
gengine-0/internal/domain/level/service.go:183.2,184.48 2 1
gengine-0/internal/domain/level/service.go:184.48,186.3 1 0
gengine-0/internal/domain/level/service.go:187.2,187.50 1 1
gengine-0/internal/domain/level/service.go:187.50,189.3 1 0
gengine-0/internal/domain/level/service.go:190.2,190.12 1 1
gengine-0/internal/domain/level/service.go:200.93,202.2 1 1
gengine-0/internal/domain/level/service.go:204.73,208.2 3 1
gengine-0/internal/domain/level/service.go:210.71,214.2 3 0
gengine-0/internal/domain/level/service.go:216.87,218.58 2 1
gengine-0/internal/domain/level/service.go:218.58,220.3 1 0
gengine-0/internal/domain/level/service.go:221.2,222.16 2 1
gengine-0/internal/domain/level/service.go:222.16,224.3 1 0
gengine-0/internal/domain/level/service.go:225.2,225.9 1 1
gengine-0/internal/domain/level/service.go:225.9,227.3 1 1
gengine-0/internal/domain/level/service.go:228.2,229.36 2 1
gengine-0/internal/domain/level/service.go:232.89,234.64 2 1
gengine-0/internal/domain/level/service.go:234.64,236.3 1 0
gengine-0/internal/domain/level/service.go:237.2,238.67 2 1
gengine-0/internal/domain/level/service.go:238.67,240.3 1 0
gengine-0/internal/domain/level/service.go:241.2,242.16 2 1
gengine-0/internal/domain/level/service.go:242.16,244.3 1 0
gengine-0/internal/domain/level/service.go:245.2,245.9 1 1
gengine-0/internal/domain/level/service.go:245.9,247.3 1 0
gengine-0/internal/domain/level/service.go:248.2,250.35 3 1
gengine-0/internal/domain/level/service.go:253.70,255.64 2 1
gengine-0/internal/domain/level/service.go:255.64,257.3 1 0
gengine-0/internal/domain/level/service.go:258.2,259.67 2 1
gengine-0/internal/domain/level/service.go:259.67,261.3 1 0
gengine-0/internal/domain/level/service.go:262.2,263.16 2 1
gengine-0/internal/domain/level/service.go:263.16,265.3 1 0
gengine-0/internal/domain/level/service.go:266.2,266.9 1 1
gengine-0/internal/domain/level/service.go:266.9,268.3 1 0
gengine-0/internal/domain/level/service.go:269.2,269.37 1 1
gengine-0/internal/domain/level/service.go:279.89,281.2 1 1
gengine-0/internal/domain/level/service.go:283.75,287.2 3 1
gengine-0/internal/domain/level/service.go:289.84,291.64 2 1
gengine-0/internal/domain/level/service.go:291.64,293.3 1 0
gengine-0/internal/domain/level/service.go:294.2,295.67 2 1
gengine-0/internal/domain/level/service.go:295.67,297.3 1 0
gengine-0/internal/domain/level/service.go:298.2,299.16 2 1
gengine-0/internal/domain/level/service.go:299.16,301.3 1 0
gengine-0/internal/domain/level/service.go:302.2,302.9 1 1
gengine-0/internal/domain/level/service.go:302.9,304.3 1 1
gengine-0/internal/domain/level/service.go:305.2,306.34 2 1
gengine-0/internal/domain/level/service.go:309.66,311.60 2 1
gengine-0/internal/domain/level/service.go:311.60,313.3 1 0
gengine-0/internal/domain/level/service.go:314.2,315.71 2 1
gengine-0/internal/domain/level/service.go:315.71,317.3 1 0
gengine-0/internal/domain/level/service.go:318.2,319.67 2 1
gengine-0/internal/domain/level/service.go:319.67,321.3 1 0
gengine-0/internal/domain/level/service.go:322.2,323.16 2 1
gengine-0/internal/domain/level/service.go:323.16,325.3 1 0
gengine-0/internal/domain/level/service.go:326.2,326.9 1 1
gengine-0/internal/domain/level/service.go:326.9,328.3 1 0
gengine-0/internal/domain/level/service.go:330.2,332.16 3 1
gengine-0/internal/domain/level/service.go:332.16,334.3 1 1
gengine-0/internal/domain/level/service.go:335.2,335.35 1 1
gengine-0/internal/domain/social/handler.go:17.68,19.2 1 0
gengine-0/internal/domain/social/handler.go:22.48,24.33 2 0
gengine-0/internal/domain/social/handler.go:24.33,27.3 2 0
gengine-0/internal/domain/social/handler.go:28.2,30.71 2 0
gengine-0/internal/domain/social/handler.go:30.71,33.3 2 0
gengine-0/internal/domain/social/handler.go:34.2,34.52 1 0
gengine-0/internal/domain/social/handler.go:38.50,40.33 2 0
gengine-0/internal/domain/social/handler.go:40.33,43.3 2 0
gengine-0/internal/domain/social/handler.go:44.2,46.73 2 0
gengine-0/internal/domain/social/handler.go:46.73,49.3 2 0
gengine-0/internal/domain/social/handler.go:50.2,50.54 1 0
gengine-0/internal/domain/social/handler.go:54.53,56.33 2 0
gengine-0/internal/domain/social/handler.go:56.33,59.3 2 0
gengine-0/internal/domain/social/handler.go:60.2,63.54 3 0
gengine-0/internal/domain/social/handler.go:67.55,70.16 3 0
gengine-0/internal/domain/social/handler.go:70.16,73.3 2 0
gengine-0/internal/domain/social/handler.go:74.2,78.4 1 0
gengine-0/internal/domain/social/routes.go:14.74,27.2 7 0
gengine-0/internal/domain/social/routes.go:27.2,33.3 4 0
gengine-0/internal/domain/social/service.go:18.51,20.2 1 1
gengine-0/internal/domain/social/service.go:22.65,23.28 1 1
gengine-0/internal/domain/social/service.go:23.28,25.3 1 0
gengine-0/internal/domain/social/service.go:26.2,28.15 3 1
gengine-0/internal/domain/social/service.go:28.15,30.3 1 1
gengine-0/internal/domain/social/service.go:31.2,31.79 1 1
gengine-0/internal/domain/social/service.go:34.67,36.2 1 1
gengine-0/internal/domain/social/service.go:38.69,42.2 3 1
gengine-0/internal/domain/social/service.go:44.76,50.2 3 1
gengine-0/internal/domain/social/service.go:52.74,58.2 3 0
gengine-0/internal/domain/monitor/handler.go:19.42,19.57 1 0
gengine-0/internal/domain/monitor/handler.go:51.19,59.2 1 0
gengine-0/internal/domain/monitor/handler.go:62.54,69.2 2 0
gengine-0/internal/domain/monitor/handler.go:72.52,75.16 3 0
gengine-0/internal/domain/monitor/handler.go:75.16,77.3 1 0
gengine-0/internal/domain/monitor/handler.go:78.2,87.16 5 0
gengine-0/internal/domain/monitor/handler.go:87.16,90.3 2 0
gengine-0/internal/domain/monitor/handler.go:92.2,93.38 2 0
gengine-0/internal/domain/monitor/handler.go:97.51,110.16 7 0
gengine-0/internal/domain/monitor/handler.go:110.16,115.3 4 0
gengine-0/internal/domain/monitor/handler.go:117.2,124.4 1 0
gengine-0/internal/domain/monitor/handler.go:128.49,133.16 4 0
gengine-0/internal/domain/monitor/handler.go:133.16,135.3 1 0
gengine-0/internal/domain/monitor/handler.go:137.2,146.16 5 0
gengine-0/internal/domain/monitor/handler.go:146.16,149.3 2 0
gengine-0/internal/domain/monitor/handler.go:151.2,151.12 1 0
gengine-0/internal/domain/monitor/handler.go:151.12,153.7 2 0
gengine-0/internal/domain/monitor/handler.go:153.7,155.18 2 0
gengine-0/internal/domain/monitor/handler.go:155.18,156.10 1 0
gengine-0/internal/domain/monitor/handler.go:158.4,159.18 2 0
gengine-0/internal/domain/monitor/handler.go:159.18,163.5 3 0
gengine-0/internal/domain/monitor/handler.go:167.2,167.31 1 0
gengine-0/internal/domain/monitor/handler.go:171.54,184.16 7 0
gengine-0/internal/domain/monitor/handler.go:184.16,187.3 2 0
gengine-0/internal/domain/monitor/handler.go:189.2,192.4 1 0
gengine-0/internal/domain/monitor/handler.go:196.51,206.2 4 0
gengine-0/internal/domain/monitor/handler.go:209.49,212.16 3 0
gengine-0/internal/domain/monitor/handler.go:212.16,214.3 1 0
gengine-0/internal/domain/monitor/handler.go:215.2,222.38 4 0
gengine-0/internal/domain/monitor/handler.go:226.54,228.45 2 0
gengine-0/internal/domain/monitor/handler.go:228.45,231.3 2 0
gengine-0/internal/domain/monitor/handler.go:233.2,234.98 2 0
gengine-0/internal/domain/monitor/handler.go:234.98,237.3 2 0
gengine-0/internal/domain/monitor/handler.go:238.2,238.83 1 0
gengine-0/internal/domain/monitor/handler.go:242.47,244.45 2 0
gengine-0/internal/domain/monitor/handler.go:244.45,247.3 2 0
gengine-0/internal/domain/monitor/handler.go:249.2,249.96 1 0
gengine-0/internal/domain/monitor/handler.go:249.96,252.3 2 0
gengine-0/internal/domain/monitor/handler.go:253.2,253.65 1 0
gengine-0/internal/domain/monitor/handler.go:257.59,260.16 3 0
gengine-0/internal/domain/monitor/handler.go:260.16,263.3 2 0
gengine-0/internal/domain/monitor/handler.go:264.2,264.50 1 0
gengine-0/internal/domain/monitor/handler.go:268.54,273.16 4 0
gengine-0/internal/domain/monitor/handler.go:273.16,276.3 2 0
gengine-0/internal/domain/monitor/handler.go:278.2,278.48 1 0
gengine-0/internal/domain/monitor/routes.go:24.3,39.2 11 0
gengine-0/internal/domain/monitor/routes.go:39.2,42.3 1 0
gengine-0/internal/domain/monitor/routes.go:44.2,56.86 10 0
gengine-0/internal/domain/monitor/service.go:24.83,26.2 1 1
gengine-0/internal/domain/monitor/service.go:29.86,31.66 2 1
gengine-0/internal/domain/monitor/service.go:31.66,33.3 1 0
gengine-0/internal/domain/monitor/service.go:34.2,35.61 2 1
gengine-0/internal/domain/monitor/service.go:35.61,37.3 1 0
gengine-0/internal/domain/monitor/service.go:38.2,38.26 1 1
gengine-0/internal/domain/monitor/service.go:38.26,40.3 1 0
gengine-0/internal/domain/monitor/service.go:42.2,43.122 2 1
gengine-0/internal/domain/monitor/service.go:43.122,44.22 1 0
gengine-0/internal/domain/monitor/service.go:44.22,46.4 1 0
gengine-0/internal/domain/monitor/service.go:47.3,47.81 1 0
gengine-0/internal/domain/monitor/service.go:50.2,55.52 2 1
gengine-0/internal/domain/monitor/service.go:55.52,57.3 1 0
gengine-0/internal/domain/monitor/service.go:59.2,59.18 1 1
gengine-0/internal/domain/monitor/service.go:59.18,70.38 4 1
gengine-0/internal/domain/monitor/service.go:70.38,72.130 1 1
gengine-0/internal/domain/monitor/service.go:72.130,74.5 1 1
gengine-0/internal/domain/monitor/service.go:77.2,77.12 1 1
gengine-0/internal/domain/monitor/service.go:81.86,83.62 2 1
gengine-0/internal/domain/monitor/service.go:83.62,85.3 1 0
gengine-0/internal/domain/monitor/service.go:86.2,86.21 1 1
gengine-0/internal/domain/monitor/service.go:86.21,88.3 1 0
gengine-0/internal/domain/monitor/service.go:90.2,94.29 4 1
gengine-0/internal/domain/monitor/service.go:94.29,95.76 1 1
gengine-0/internal/domain/monitor/service.go:95.76,97.9 2 1
gengine-0/internal/domain/monitor/service.go:100.2,100.12 1 1
gengine-0/internal/domain/monitor/service.go:100.12,102.3 1 0
gengine-0/internal/domain/monitor/service.go:104.2,106.16 3 1
gengine-0/internal/domain/monitor/service.go:106.16,108.3 1 1
gengine-0/internal/domain/monitor/service.go:110.2,115.33 2 1
gengine-0/internal/domain/monitor/service.go:119.88,121.83 2 1
gengine-0/internal/domain/monitor/service.go:121.83,123.3 1 0
gengine-0/internal/domain/monitor/service.go:124.2,125.26 2 1
gengine-0/internal/domain/monitor/service.go:125.26,127.3 1 1
gengine-0/internal/domain/monitor/service.go:128.2,128.21 1 1
gengine-0/internal/domain/monitor/service.go:132.83,134.62 2 1
gengine-0/internal/domain/monitor/service.go:134.62,136.3 1 0
gengine-0/internal/domain/monitor/service.go:138.2,139.74 2 1
gengine-0/internal/domain/monitor/service.go:139.74,141.3 1 0
gengine-0/internal/domain/monitor/service.go:142.2,143.61 2 1
gengine-0/internal/domain/monitor/service.go:143.61,145.3 1 0
gengine-0/internal/domain/monitor/service.go:146.2,146.26 1 1
gengine-0/internal/domain/monitor/service.go:146.26,148.3 1 1
gengine-0/internal/domain/monitor/service.go:150.2,151.16 2 1
gengine-0/internal/domain/monitor/service.go:151.16,153.3 1 0
gengine-0/internal/domain/monitor/service.go:155.2,157.37 3 1
gengine-0/internal/domain/monitor/service.go:157.37,158.23 1 1
gengine-0/internal/domain/monitor/service.go:158.23,161.4 2 1
gengine-0/internal/domain/monitor/service.go:164.2,168.18 4 1
gengine-0/internal/domain/monitor/service.go:168.18,179.38 4 1
gengine-0/internal/domain/monitor/service.go:179.38,181.151 1 1
gengine-0/internal/domain/monitor/service.go:181.151,183.5 1 1
gengine-0/internal/domain/monitor/service.go:186.2,186.20 1 1
gengine-0/internal/domain/monitor/service.go:195.47,197.2 1 1
gengine-0/internal/domain/monitor/service.go:200.75,203.44 3 1
gengine-0/internal/domain/monitor/service.go:203.44,208.62 2 1
gengine-0/internal/domain/monitor/service.go:208.62,210.4 1 0
gengine-0/internal/domain/monitor/service.go:211.3,211.20 1 1
gengine-0/internal/domain/monitor/service.go:213.2,213.16 1 0
gengine-0/internal/domain/monitor/service.go:213.16,215.3 1 0
gengine-0/internal/domain/monitor/service.go:216.2,216.19 1 0
gengine-0/internal/domain/monitor/service.go:220.94,223.44 3 1
gengine-0/internal/domain/monitor/service.go:223.44,230.62 2 1
gengine-0/internal/domain/monitor/service.go:230.62,232.4 1 0
gengine-0/internal/domain/monitor/service.go:233.3,233.20 1 1
gengine-0/internal/domain/monitor/service.go:235.2,235.16 1 0
gengine-0/internal/domain/monitor/service.go:235.16,237.3 1 0
gengine-0/internal/domain/monitor/service.go:238.2,238.19 1 0
gengine-0/internal/domain/monitor/service.go:242.94,248.48 2 1
gengine-0/internal/domain/monitor/service.go:248.48,250.3 1 0
gengine-0/internal/domain/monitor/service.go:251.2,252.18 2 1
gengine-0/internal/domain/monitor/service.go:256.82,261.2 4 1
gengine-0/internal/domain/monitor/service.go:263.39,264.53 1 1
gengine-0/internal/domain/monitor/service.go:264.53,266.3 1 0
gengine-0/internal/domain/team/handler.go:40.84,45.2 1 0
gengine-0/internal/domain/team/handler.go:48.47,51.16 3 0
gengine-0/internal/domain/team/handler.go:51.16,54.3 2 0
gengine-0/internal/domain/team/handler.go:55.2,58.4 1 0
gengine-0/internal/domain/team/handler.go:62.51,67.2 1 0
gengine-0/internal/domain/team/handler.go:70.50,72.45 2 0
gengine-0/internal/domain/team/handler.go:72.45,79.3 2 0
gengine-0/internal/domain/team/handler.go:81.2,83.16 3 0
gengine-0/internal/domain/team/handler.go:83.16,90.3 2 0
gengine-0/internal/domain/team/handler.go:92.2,92.40 1 0
gengine-0/internal/domain/team/handler.go:96.47,101.16 4 0
gengine-0/internal/domain/team/handler.go:101.16,104.3 2 0
gengine-0/internal/domain/team/handler.go:106.2,116.4 2 0
gengine-0/internal/domain/team/handler.go:120.53,123.16 3 0
gengine-0/internal/domain/team/handler.go:123.16,126.3 2 0
gengine-0/internal/domain/team/handler.go:127.2,133.4 1 0
gengine-0/internal/domain/team/handler.go:137.49,142.45 4 0
gengine-0/internal/domain/team/handler.go:142.45,149.3 2 0
gengine-0/internal/domain/team/handler.go:151.2,151.85 1 0
gengine-0/internal/domain/team/handler.go:151.85,154.3 2 0
gengine-0/internal/domain/team/handler.go:155.2,155.100 1 0
gengine-0/internal/domain/team/handler.go:159.52,164.90 4 0
gengine-0/internal/domain/team/handler.go:164.90,167.3 2 0
gengine-0/internal/domain/team/handler.go:168.2,168.100 1 0
gengine-0/internal/domain/team/handler.go:172.57,175.16 3 0
gengine-0/internal/domain/team/handler.go:175.16,178.3 2 0
gengine-0/internal/domain/team/handler.go:179.2,185.4 1 0
gengine-0/internal/domain/team/handler.go:189.53,194.45 4 0
gengine-0/internal/domain/team/handler.go:194.45,201.3 2 0
gengine-0/internal/domain/team/handler.go:203.2,203.92 1 0
gengine-0/internal/domain/team/handler.go:203.92,206.3 2 0
gengine-0/internal/domain/team/handler.go:207.2,207.100 1 0
gengine-0/internal/domain/team/handler.go:217.84,219.2 1 0
gengine-0/internal/domain/team/handler.go:222.51,225.16 3 0
gengine-0/internal/domain/team/handler.go:225.16,228.3 2 0
gengine-0/internal/domain/team/handler.go:229.2,234.4 1 0
gengine-0/internal/domain/team/handler.go:238.53,246.2 2 0
gengine-0/internal/domain/team/handler.go:249.52,254.45 4 0
gengine-0/internal/domain/team/handler.go:254.45,261.3 2 0
gengine-0/internal/domain/team/handler.go:263.2,264.16 2 0
gengine-0/internal/domain/team/handler.go:264.16,271.3 2 0
gengine-0/internal/domain/team/handler.go:272.2,272.104 1 0
gengine-0/internal/domain/team/handler.go:276.59,279.16 3 0
gengine-0/internal/domain/team/handler.go:279.16,282.3 2 0
gengine-0/internal/domain/team/handler.go:283.2,286.4 1 0
gengine-0/internal/domain/team/handler.go:290.52,293.89 3 0
gengine-0/internal/domain/team/handler.go:293.89,296.3 2 0
gengine-0/internal/domain/team/handler.go:297.2,297.49 1 0
gengine-0/internal/domain/team/handler.go:301.53,304.90 3 0
gengine-0/internal/domain/team/handler.go:304.90,307.3 2 0
gengine-0/internal/domain/team/handler.go:308.2,308.49 1 0
gengine-0/internal/domain/team/routes.go:20.3,47.2 19 0
gengine-0/internal/domain/team/routes.go:47.2,58.3 9 0
gengine-0/internal/domain/team/routes.go:65.69,67.2 1 0
gengine-0/internal/domain/team/service.go:23.47,25.2 1 1
gengine-0/internal/domain/team/service.go:28.63,34.28 5 1
gengine-0/internal/domain/team/service.go:34.28,38.3 3 1
gengine-0/internal/domain/team/service.go:39.2,39.19 1 1
gengine-0/internal/domain/team/service.go:43.73,47.2 3 0
gengine-0/internal/domain/team/service.go:50.78,55.48 2 1
gengine-0/internal/domain/team/service.go:55.48,57.3 1 0
gengine-0/internal/domain/team/service.go:58.2,58.18 1 1
gengine-0/internal/domain/team/service.go:62.83,64.56 2 0
gengine-0/internal/domain/team/service.go:64.56,66.3 1 0
gengine-0/internal/domain/team/service.go:67.2,73.63 4 0
gengine-0/internal/domain/team/service.go:73.63,75.29 2 0
gengine-0/internal/domain/team/service.go:75.29,76.22 1 0
gengine-0/internal/domain/team/service.go:76.22,78.10 2 0
gengine-0/internal/domain/team/service.go:81.3,81.13 1 0
gengine-0/internal/domain/team/service.go:81.13,83.4 1 0
gengine-0/internal/domain/team/service.go:85.2,85.28 1 0
gengine-0/internal/domain/team/service.go:89.63,91.56 2 1
gengine-0/internal/domain/team/service.go:91.56,93.3 1 0
gengine-0/internal/domain/team/service.go:94.2,94.30 1 1
gengine-0/internal/domain/team/service.go:94.30,96.3 1 1
gengine-0/internal/domain/team/service.go:97.2,98.80 2 1
gengine-0/internal/domain/team/service.go:98.80,100.74 2 0
gengine-0/internal/domain/team/service.go:100.74,102.4 1 0
gengine-0/internal/domain/team/service.go:104.2,104.14 1 1
gengine-0/internal/domain/team/service.go:108.75,113.2 4 0
gengine-0/internal/domain/team/service.go:116.74,117.39 1 1
gengine-0/internal/domain/team/service.go:117.39,119.3 1 1
gengine-0/internal/domain/team/service.go:120.2,122.15 3 1
gengine-0/internal/domain/team/service.go:122.15,124.3 1 0
gengine-0/internal/domain/team/service.go:125.2,125.106 1 1
gengine-0/internal/domain/team/service.go:129.74,130.39 1 1
gengine-0/internal/domain/team/service.go:130.39,132.3 1 0
gengine-0/internal/domain/team/service.go:133.2,134.56 2 1
gengine-0/internal/domain/team/service.go:134.56,136.3 1 0
gengine-0/internal/domain/team/service.go:137.2,137.32 1 1
gengine-0/internal/domain/team/service.go:137.32,139.3 1 1
gengine-0/internal/domain/team/service.go:140.2,140.104 1 1
gengine-0/internal/domain/team/service.go:144.79,145.39 1 1
gengine-0/internal/domain/team/service.go:145.39,147.3 1 0
gengine-0/internal/domain/team/service.go:148.2,150.16 3 1
gengine-0/internal/domain/team/service.go:150.16,152.3 1 1
gengine-0/internal/domain/team/service.go:153.2,153.93 1 1
gengine-0/internal/domain/team/service.go:164.39,164.65 1 1
gengine-0/internal/domain/team/service.go:171.37,171.55 1 0
gengine-0/internal/domain/team/service.go:182.134,189.2 1 1
gengine-0/internal/domain/team/service.go:192.104,194.56 2 1
gengine-0/internal/domain/team/service.go:194.56,196.3 1 0
gengine-0/internal/domain/team/service.go:198.2,199.16 2 1
gengine-0/internal/domain/team/service.go:199.16,201.81 2 0
gengine-0/internal/domain/team/service.go:201.81,203.4 1 0
gengine-0/internal/domain/team/service.go:204.3,205.10 2 0
gengine-0/internal/domain/team/service.go:205.10,207.4 1 0
gengine-0/internal/domain/team/service.go:210.2,212.50 3 1
gengine-0/internal/domain/team/service.go:212.50,214.3 1 0
gengine-0/internal/domain/team/service.go:216.2,218.16 3 1
gengine-0/internal/domain/team/service.go:218.16,220.3 1 0
gengine-0/internal/domain/team/service.go:222.2,227.47 2 1
gengine-0/internal/domain/team/service.go:227.47,229.3 1 0
gengine-0/internal/domain/team/service.go:231.2,231.18 1 1
gengine-0/internal/domain/team/service.go:231.18,234.71 3 1
gengine-0/internal/domain/team/service.go:234.71,237.152 2 1
gengine-0/internal/domain/team/service.go:237.152,239.5 1 1
gengine-0/internal/domain/team/service.go:243.2,243.17 1 1
gengine-0/internal/domain/team/service.go:247.75,251.2 3 0
gengine-0/internal/domain/team/service.go:254.82,258.2 3 0
gengine-0/internal/domain/team/service.go:261.79,263.61 2 1
gengine-0/internal/domain/team/service.go:263.61,265.3 1 0
gengine-0/internal/domain/team/service.go:266.2,266.26 1 1
gengine-0/internal/domain/team/service.go:266.26,268.3 1 0
gengine-0/internal/domain/team/service.go:269.2,269.37 1 1
gengine-0/internal/domain/team/service.go:269.37,271.3 1 0
gengine-0/internal/domain/team/service.go:272.2,273.46 2 1
gengine-0/internal/domain/team/service.go:273.46,275.3 1 0
gengine-0/internal/domain/team/service.go:276.2,276.105 1 1
gengine-0/internal/domain/team/service.go:280.80,282.61 2 1
gengine-0/internal/domain/team/service.go:282.61,284.3 1 0
gengine-0/internal/domain/team/service.go:285.2,285.26 1 1
gengine-0/internal/domain/team/service.go:285.26,287.3 1 0
gengine-0/internal/domain/team/service.go:288.2,288.37 1 1
gengine-0/internal/domain/team/service.go:288.37,290.3 1 0
gengine-0/internal/domain/team/service.go:291.2,292.30 2 1
gengine-0/internal/domain/user/handler.go:59.67,61.2 1 0
gengine-0/internal/domain/user/handler.go:64.53,69.2 1 0
gengine-0/internal/domain/user/handler.go:72.45,74.45 2 0
gengine-0/internal/domain/user/handler.go:74.45,81.3 2 0
gengine-0/internal/domain/user/handler.go:83.2,84.80 2 0
gengine-0/internal/domain/user/handler.go:84.80,91.3 2 0
gengine-0/internal/domain/user/handler.go:93.2,93.101 1 0
gengine-0/internal/domain/user/handler.go:93.101,100.3 2 0
gengine-0/internal/domain/user/handler.go:102.2,103.16 2 0
gengine-0/internal/domain/user/handler.go:103.16,110.3 2 0
gengine-0/internal/domain/user/handler.go:112.2,113.44 2 0
gengine-0/internal/domain/user/handler.go:117.56,122.2 1 0
gengine-0/internal/domain/user/handler.go:125.48,127.45 2 0
gengine-0/internal/domain/user/handler.go:127.45,134.3 2 0
gengine-0/internal/domain/user/handler.go:136.2,137.16 2 0
gengine-0/internal/domain/user/handler.go:137.16,144.3 2 0
gengine-0/internal/domain/user/handler.go:146.2,151.49 2 0
gengine-0/internal/domain/user/handler.go:151.49,158.3 2 0
gengine-0/internal/domain/user/handler.go:160.2,160.49 1 0
gengine-0/internal/domain/user/handler.go:160.49,163.3 2 0
gengine-0/internal/domain/user/handler.go:165.2,165.45 1 0
gengine-0/internal/domain/user/handler.go:169.54,174.2 1 0
gengine-0/internal/domain/user/handler.go:177.54,179.45 2 0
gengine-0/internal/domain/user/handler.go:179.45,186.3 2 0
gengine-0/internal/domain/user/handler.go:188.2,189.80 2 0
gengine-0/internal/domain/user/handler.go:189.80,193.3 3 0
gengine-0/internal/domain/user/handler.go:194.2,198.4 1 0
gengine-0/internal/domain/user/handler.go:202.53,209.2 2 0
gengine-0/internal/domain/user/handler.go:212.53,214.45 2 0
gengine-0/internal/domain/user/handler.go:214.45,222.3 2 0
gengine-0/internal/domain/user/handler.go:224.2,225.88 2 0
gengine-0/internal/domain/user/handler.go:225.88,233.3 2 0
gengine-0/internal/domain/user/handler.go:234.2,234.45 1 0
gengine-0/internal/domain/user/handler.go:238.51,241.71 3 0
gengine-0/internal/domain/user/handler.go:241.71,247.3 2 0
gengine-0/internal/domain/user/handler.go:248.2,250.4 1 0
gengine-0/internal/domain/user/handler.go:254.50,258.16 4 0
gengine-0/internal/domain/user/handler.go:258.16,261.3 2 0
gengine-0/internal/domain/user/handler.go:262.2,262.35 1 0
gengine-0/internal/domain/user/handler.go:266.53,273.16 6 0
gengine-0/internal/domain/user/handler.go:273.16,280.3 2 0
gengine-0/internal/domain/user/handler.go:282.2,284.44 3 0
gengine-0/internal/domain/user/handler.go:294.77,296.2 1 0
gengine-0/internal/domain/user/handler.go:299.47,302.80 3 0
gengine-0/internal/domain/user/handler.go:302.80,305.3 2 0
gengine-0/internal/domain/user/handler.go:306.2,311.4 1 0
gengine-0/internal/domain/user/handler.go:315.56,318.80 3 0
gengine-0/internal/domain/user/handler.go:318.80,321.3 2 0
gengine-0/internal/domain/user/handler.go:322.2,322.40 1 0
gengine-0/internal/domain/user/handler.go:322.40,325.3 2 0
gengine-0/internal/domain/user/handler.go:326.2,330.4 1 0
gengine-0/internal/domain/user/handler.go:334.55,337.16 3 0
gengine-0/internal/domain/user/handler.go:337.16,340.3 2 0
gengine-0/internal/domain/user/handler.go:341.2,341.15 1 0
gengine-0/internal/domain/user/handler.go:341.15,341.35 1 0
gengine-0/internal/domain/user/handler.go:343.2,345.16 3 0
gengine-0/internal/domain/user/handler.go:345.16,352.3 2 0
gengine-0/internal/domain/user/handler.go:354.2,355.42 2 0
gengine-0/internal/domain/user/handler.go:359.56,363.45 3 0
gengine-0/internal/domain/user/handler.go:363.45,370.3 2 0
gengine-0/internal/domain/user/handler.go:372.2,376.42 2 0
gengine-0/internal/domain/user/handler.go:380.57,384.45 3 0
gengine-0/internal/domain/user/handler.go:384.45,391.3 2 0
gengine-0/internal/domain/user/handler.go:393.2,394.56 2 0
gengine-0/internal/domain/user/handler.go:394.56,401.3 2 0
gengine-0/internal/domain/user/handler.go:403.2,403.104 1 0
gengine-0/internal/domain/user/handler.go:403.104,410.3 2 0
gengine-0/internal/domain/user/handler.go:412.2,414.42 3 0
gengine-0/internal/domain/user/handler.go:423.61,425.2 1 0
gengine-0/internal/domain/user/handler.go:428.51,438.2 4 0
gengine-0/internal/domain/user/handler.go:446.84,448.2 1 0
gengine-0/internal/domain/user/handler.go:451.50,454.16 3 0
gengine-0/internal/domain/user/handler.go:454.16,457.3 2 0
gengine-0/internal/domain/user/handler.go:458.2,461.4 1 0
gengine-0/internal/domain/user/handler.go:467.62,475.2 3 0
gengine-0/internal/domain/user/routes.go:14.74,46.2 21 0
gengine-0/internal/domain/user/routes.go:46.2,59.3 7 0
gengine-0/internal/domain/user/service.go:32.67,34.2 1 1
gengine-0/internal/domain/user/service.go:37.80,39.16 2 1
gengine-0/internal/domain/user/service.go:39.16,41.3 1 0
gengine-0/internal/domain/user/service.go:42.2,47.49 2 1
gengine-0/internal/domain/user/service.go:47.49,49.3 1 0
gengine-0/internal/domain/user/service.go:51.2,54.19 3 1
gengine-0/internal/domain/user/service.go:58.72,60.77 2 1
gengine-0/internal/domain/user/service.go:60.77,62.3 1 0
gengine-0/internal/domain/user/service.go:63.2,63.95 1 1
gengine-0/internal/domain/user/service.go:63.95,65.3 1 1
gengine-0/internal/domain/user/service.go:66.2,66.28 1 1
gengine-0/internal/domain/user/service.go:70.65,71.80 1 1
gengine-0/internal/domain/user/service.go:71.80,72.58 1 1
gengine-0/internal/domain/user/service.go:72.58,74.4 1 0
gengine-0/internal/domain/user/service.go:75.3,75.39 1 1
gengine-0/internal/domain/user/service.go:77.2,77.32 1 1
gengine-0/internal/domain/user/service.go:77.32,79.3 1 0
gengine-0/internal/domain/user/service.go:80.2,81.9 2 1
gengine-0/internal/domain/user/service.go:81.9,83.3 1 0
gengine-0/internal/domain/user/service.go:84.2,85.9 2 1
gengine-0/internal/domain/user/service.go:85.9,87.3 1 0
gengine-0/internal/domain/user/service.go:88.2,88.31 1 1
gengine-0/internal/domain/user/service.go:91.62,99.2 3 1
gengine-0/internal/domain/user/service.go:107.47,109.2 1 1
gengine-0/internal/domain/user/service.go:111.55,113.52 2 0
gengine-0/internal/domain/user/service.go:113.52,115.3 1 0
gengine-0/internal/domain/user/service.go:116.2,116.19 1 0
gengine-0/internal/domain/user/service.go:119.66,121.77 2 0
gengine-0/internal/domain/user/service.go:121.77,123.3 1 0
gengine-0/internal/domain/user/service.go:124.2,124.19 1 0
gengine-0/internal/domain/user/service.go:127.64,129.76 2 0
gengine-0/internal/domain/user/service.go:129.76,131.3 1 0
gengine-0/internal/domain/user/service.go:132.2,132.19 1 0
gengine-0/internal/domain/user/service.go:135.75,140.2 1 0
gengine-0/internal/domain/user/service.go:142.86,144.52 2 1
gengine-0/internal/domain/user/service.go:144.52,146.3 1 0
gengine-0/internal/domain/user/service.go:147.2,147.98 1 1
gengine-0/internal/domain/user/service.go:147.98,149.3 1 0
gengine-0/internal/domain/user/service.go:150.2,151.16 2 1
gengine-0/internal/domain/user/service.go:151.16,153.3 1 0
gengine-0/internal/domain/user/service.go:154.2,154.67 1 1
gengine-0/internal/domain/user/service.go:163.61,165.2 1 1
gengine-0/internal/domain/user/service.go:167.79,169.79 2 1
gengine-0/internal/domain/user/service.go:169.79,171.3 1 0
gengine-0/internal/domain/user/service.go:172.2,174.15 3 1
gengine-0/internal/domain/user/service.go:174.15,176.3 1 1
gengine-0/internal/domain/user/service.go:177.2,178.56 2 1
gengine-0/internal/domain/user/service.go:178.56,180.3 1 0
gengine-0/internal/domain/user/service.go:181.2,181.75 1 1
gengine-0/internal/domain/user/service.go:184.86,190.2 3 1
gengine-0/internal/domain/user/service.go:192.49,201.33 2 1
gengine-0/internal/domain/user/service.go:201.33,203.3 1 1
gengine-0/internal/domain/user/service.go:214.69,242.2 1 0
gengine-0/internal/domain/user/service.go:244.68,246.9 2 0
gengine-0/internal/domain/user/service.go:246.9,248.3 1 0
gengine-0/internal/domain/user/service.go:249.2,249.64 1 0
gengine-0/internal/domain/user/service.go:252.82,254.9 2 0
gengine-0/internal/domain/user/service.go:254.9,256.3 1 0
gengine-0/internal/domain/user/service.go:257.2,258.16 2 0
gengine-0/internal/domain/user/service.go:258.16,260.3 1 0
gengine-0/internal/domain/user/service.go:261.2,262.18 2 0
gengine-0/internal/domain/user/service.go:263.16,264.30 1 0
gengine-0/internal/domain/user/service.go:265.16,266.31 1 0
gengine-0/internal/domain/user/service.go:267.16,268.30 1 0
gengine-0/internal/domain/user/service.go:270.2,272.44 3 0
gengine-0/internal/domain/user/service.go:272.44,280.3 2 0
gengine-0/internal/domain/user/service.go:280.8,280.23 1 0
gengine-0/internal/domain/user/service.go:280.23,282.3 1 0
gengine-0/internal/domain/user/service.go:283.2,283.19 1 0
gengine-0/internal/domain/user/service.go:293.85,295.2 1 0
gengine-0/internal/domain/user/service.go:297.73,306.50 5 0
gengine-0/internal/domain/user/service.go:306.50,308.3 1 0
gengine-0/internal/domain/user/service.go:309.2,309.24 1 0
gengine-0/internal/domain/user/service.go:309.24,312.158 2 0
gengine-0/internal/domain/user/service.go:312.158,314.4 1 0
gengine-0/internal/domain/user/service.go:316.2,316.22 1 0
gengine-0/internal/domain/user/service.go:319.82,321.109 2 0
gengine-0/internal/domain/user/service.go:321.109,323.3 1 0
gengine-0/internal/domain/user/service.go:324.2,325.16 2 0
gengine-0/internal/domain/user/service.go:325.16,327.3 1 0
gengine-0/internal/domain/user/service.go:328.2,328.115 1 0
gengine-0/internal/domain/user/service.go:328.115,330.3 1 0
gengine-0/internal/domain/user/service.go:331.2,332.12 2 0
gengine-0/internal/domain/user/service.go:342.93,344.2 1 1
gengine-0/internal/domain/user/service.go:346.69,355.24 5 1
gengine-0/internal/domain/user/service.go:355.24,358.157 2 0
gengine-0/internal/domain/user/service.go:358.157,360.4 1 0
gengine-0/internal/domain/user/service.go:364.80,366.106 2 0
gengine-0/internal/domain/user/service.go:366.106,368.3 1 0
gengine-0/internal/domain/user/service.go:369.2,370.59 2 0
gengine-0/internal/domain/user/service.go:370.59,372.3 1 0
gengine-0/internal/domain/user/service.go:373.2,376.19 4 0
gengine-0/internal/domain/user/service.go:389.41,389.59 1 0
gengine-0/internal/domain/user/service.go:398.48,398.74 1 0
gengine-0/internal/domain/user/service.go:406.41,406.59 1 0
gengine-0/internal/domain/user/service.go:416.47,416.71 1 0
gengine-0/internal/domain/user/service.go:424.65,426.2 1 0
gengine-0/internal/domain/user/service.go:467.82,473.34 4 0
gengine-0/internal/domain/user/service.go:473.34,479.3 1 0
gengine-0/internal/domain/user/service.go:482.2,490.33 6 0
gengine-0/internal/domain/user/service.go:490.33,492.3 1 0
gengine-0/internal/domain/user/service.go:493.2,498.25 4 0
gengine-0/internal/domain/user/service.go:498.25,502.3 1 0
gengine-0/internal/domain/user/service.go:504.2,504.29 1 0
gengine-0/internal/domain/user/service.go:504.29,510.35 5 0
gengine-0/internal/domain/user/service.go:510.35,511.25 1 0
gengine-0/internal/domain/user/service.go:511.25,516.10 2 0
gengine-0/internal/domain/user/service.go:519.3,519.40 1 0
gengine-0/internal/domain/user/service.go:519.40,524.4 1 0
gengine-0/internal/domain/user/service.go:525.3,525.54 1 0
gengine-0/internal/domain/user/service.go:525.54,533.4 1 0
gengine-0/internal/domain/user/service.go:537.2,539.34 3 0
gengine-0/internal/domain/user/service.go:539.34,546.3 1 0
gengine-0/internal/domain/user/service.go:548.2,548.19 1 0
gengine-0/internal/domain/user/service.go:551.43,554.28 3 0
gengine-0/internal/domain/user/service.go:554.28,555.27 1 0
gengine-0/internal/domain/user/service.go:555.27,558.4 2 0
gengine-0/internal/domain/user/service.go:560.2,560.10 1 0
gengine-0/internal/domain/user/service.go:563.45,564.26 1 0
gengine-0/internal/domain/user/service.go:564.26,565.16 1 0
gengine-0/internal/domain/user/service.go:565.16,567.4 1 0
gengine-0/internal/domain/user/service.go:569.2,569.14 1 0
gengine-0/internal/domain/tournament/handler.go:39.22,45.2 1 0
gengine-0/internal/domain/tournament/handler.go:50.61,52.16 2 0
gengine-0/internal/domain/tournament/handler.go:52.16,55.3 2 0
gengine-0/internal/domain/tournament/handler.go:56.2,59.4 1 0
gengine-0/internal/domain/tournament/handler.go:63.63,68.2 1 0
gengine-0/internal/domain/tournament/handler.go:71.62,74.50 3 0
gengine-0/internal/domain/tournament/handler.go:74.50,81.3 2 0
[...]
gengine-0/internal/domain/tournament/handler.go:84.64,91.3 2 0
gengine-0/internal/domain/tournament/handler.go:92.2,92.46 1 0
gengine-0/internal/domain/tournament/handler.go:96.60,100.16 3 0
gengine-0/internal/domain/tournament/handler.go:100.16,103.3 2 0
gengine-0/internal/domain/tournament/handler.go:106.2,121.4 5 0
gengine-0/internal/domain/tournament/handler.go:125.64,128.16 3 0
gengine-0/internal/domain/tournament/handler.go:128.16,131.3 2 0
gengine-0/internal/domain/tournament/handler.go:132.2,136.4 1 0
gengine-0/internal/domain/tournament/handler.go:140.62,145.47 4 0
gengine-0/internal/domain/tournament/handler.go:145.47,152.3 2 0
gengine-0/internal/domain/tournament/handler.go:154.2,154.89 1 0
gengine-0/internal/domain/tournament/handler.go:154.89,157.3 2 0
gengine-0/internal/domain/tournament/handler.go:158.2,158.61 1 0
gengine-0/internal/domain/tournament/handler.go:164.57,170.16 4 0
gengine-0/internal/domain/tournament/handler.go:170.16,173.3 2 0
gengine-0/internal/domain/tournament/handler.go:175.2,180.4 1 0
gengine-0/internal/domain/tournament/handler.go:184.53,189.45 4 0
gengine-0/internal/domain/tournament/handler.go:189.45,198.3 3 0
gengine-0/internal/domain/tournament/handler.go:200.2,200.94 1 0
gengine-0/internal/domain/tournament/handler.go:200.94,203.3 2 0
gengine-0/internal/domain/tournament/handler.go:204.2,204.61 1 0
gengine-0/internal/domain/tournament/handler.go:208.56,213.97 4 0
gengine-0/internal/domain/tournament/handler.go:213.97,216.3 2 0
gengine-0/internal/domain/tournament/handler.go:217.2,217.61 1 0
gengine-0/internal/domain/tournament/handler.go:223.51,228.45 4 0
gengine-0/internal/domain/tournament/handler.go:228.45,235.3 2 0
gengine-0/internal/domain/tournament/handler.go:237.2,237.92 1 0
gengine-0/internal/domain/tournament/handler.go:237.92,240.3 2 0
gengine-0/internal/domain/tournament/handler.go:241.2,241.61 1 0
gengine-0/internal/domain/tournament/routes.go:18.74,29.43 8 0
gengine-0/internal/domain/tournament/routes.go:29.43,31.17 2 0
gengine-0/internal/domain/tournament/routes.go:31.17,34.4 2 0
gengine-0/internal/domain/tournament/routes.go:35.3,36.48 2 0
gengine-0/internal/domain/tournament/routes.go:36.48,39.4 2 0
gengine-0/internal/domain/tournament/routes.go:40.3,41.27 2 0
gengine-0/internal/domain/tournament/routes.go:41.27,44.4 2 0
gengine-0/internal/domain/tournament/routes.go:45.3,45.11 1 0
gengine-0/internal/domain/tournament/routes.go:48.2,53.2 5 0
gengine-0/internal/domain/tournament/routes.go:53.2,59.3 5 0
gengine-0/internal/domain/tournament/routes.go:59.3,65.4 5 0
gengine-0/internal/domain/tournament/routes.go:67.3,67.68 1 0
gengine-0/internal/domain/tournament/service.go:24.101,26.2 1 1
gengine-0/internal/domain/tournament/service.go:29.57,31.2 1 1
gengine-0/internal/domain/tournament/service.go:34.67,36.67 2 0
gengine-0/internal/domain/tournament/service.go:36.67,38.3 1 0
gengine-0/internal/domain/tournament/service.go:39.2,39.16 1 0
gengine-0/internal/domain/tournament/service.go:43.58,47.2 3 0
gengine-0/internal/domain/tournament/service.go:50.85,52.49 2 0
gengine-0/internal/domain/tournament/service.go:52.49,54.3 1 0
gengine-0/internal/domain/tournament/service.go:55.2,55.26 1 0
gengine-0/internal/domain/tournament/service.go:55.26,57.3 1 0
gengine-0/internal/domain/tournament/service.go:58.2,64.28 7 0
gengine-0/internal/domain/tournament/service.go:70.78,72.59 2 1
gengine-0/internal/domain/tournament/service.go:72.59,74.3 1 0
gengine-0/internal/domain/tournament/service.go:75.2,75.26 1 1
gengine-0/internal/domain/tournament/service.go:75.26,77.3 1 0
gengine-0/internal/domain/tournament/service.go:79.2,80.53 2 1
gengine-0/internal/domain/tournament/service.go:80.53,82.3 1 0
gengine-0/internal/domain/tournament/service.go:84.2,86.15 3 1
gengine-0/internal/domain/tournament/service.go:86.15,88.3 1 0
gengine-0/internal/domain/tournament/service.go:90.2,94.31 2 1
gengine-0/internal/domain/tournament/service.go:98.81,100.59 2 0
gengine-0/internal/domain/tournament/service.go:100.59,102.3 1 0
gengine-0/internal/domain/tournament/service.go:103.2,103.26 1 0
gengine-0/internal/domain/tournament/service.go:103.26,105.3 1 0
gengine-0/internal/domain/tournament/service.go:106.2,106.110 1 0
gengine-0/internal/domain/tournament/service.go:110.79,117.2 3 1
gengine-0/internal/domain/tournament/service.go:120.95,125.2 4 0
gengine-0/internal/domain/tournament/service.go:130.76,131.50 1 1
gengine-0/internal/domain/tournament/service.go:131.50,133.3 1 0
gengine-0/internal/domain/tournament/service.go:135.2,137.15 3 1
gengine-0/internal/domain/tournament/service.go:137.15,139.3 1 0
gengine-0/internal/domain/tournament/service.go:141.2,145.47 2 1
gengine-0/internal/domain/tournament/service.go:145.47,147.3 1 0
gengine-0/internal/domain/tournament/service.go:149.2,150.16 2 1
gengine-0/internal/domain/tournament/service.go:150.16,151.27 1 1
gengine-0/internal/domain/tournament/service.go:151.27,154.46 3 0
gengine-0/internal/domain/tournament/service.go:154.46,161.5 2 0
gengine-0/internal/domain/tournament/service.go:165.2,165.18 1 1
gengine-0/internal/domain/tournament/service.go:165.18,169.69 4 0
gengine-0/internal/domain/tournament/service.go:169.69,170.58 1 0
gengine-0/internal/domain/tournament/service.go:170.58,172.70 2 0
gengine-0/internal/domain/tournament/service.go:172.70,174.146 1 0
gengine-0/internal/domain/tournament/service.go:174.146,176.7 1 0
gengine-0/internal/domain/tournament/service.go:181.2,181.12 1 1
gengine-0/internal/domain/tournament/service.go:185.70,187.35 2 0
gengine-0/internal/domain/tournament/service.go:187.35,189.3 1 0
gengine-0/internal/domain/tournament/service.go:190.2,191.26 2 0
gengine-0/internal/domain/tournament/service.go:191.26,193.17 2 0
gengine-0/internal/domain/tournament/service.go:193.17,195.4 1 0
gengine-0/internal/domain/tournament/service.go:197.2,197.14 1 0
gengine-0/internal/domain/tournament/service.go:203.62,205.75 2 0
gengine-0/internal/domain/tournament/service.go:205.75,207.3 1 0
gengine-0/internal/domain/tournament/service.go:209.2,210.71 2 0
gengine-0/internal/domain/tournament/service.go:210.71,212.3 1 0
gengine-0/internal/domain/tournament/service.go:214.2,217.29 3 0
gengine-0/internal/domain/tournament/service.go:217.29,220.17 3 0
gengine-0/internal/domain/tournament/service.go:220.17,221.12 1 0
gengine-0/internal/domain/tournament/service.go:224.3,225.21 2 0
gengine-0/internal/domain/tournament/service.go:225.21,226.20 1 0
gengine-0/internal/domain/tournament/service.go:227.11,228.39 1 0
gengine-0/internal/domain/tournament/service.go:229.11,230.40 1 0
gengine-0/internal/domain/tournament/service.go:231.11,232.39 1 0
gengine-0/internal/domain/tournament/service.go:236.3,238.45 3 0
gengine-0/internal/domain/tournament/service.go:238.45,246.4 2 0
gengine-0/internal/domain/tournament/service.go:246.9,246.24 1 0
gengine-0/internal/domain/tournament/service.go:246.24,250.4 3 0
gengine-0/internal/domain/tournament/service.go:255.91,262.2 3 1
gengine-0/internal/domain/admin/handler.go:24.99,30.2 1 0
gengine-0/internal/domain/admin/handler.go:35.50,39.16 4 0
gengine-0/internal/domain/admin/handler.go:39.16,41.3 1 0
gengine-0/internal/domain/admin/handler.go:42.2,49.4 2 0
gengine-0/internal/domain/admin/handler.go:53.52,56.31 3 0
gengine-0/internal/domain/admin/handler.go:56.31,59.3 2 0
gengine-0/internal/domain/admin/handler.go:61.2,62.53 2 0
gengine-0/internal/domain/admin/handler.go:62.53,65.3 2 0
gengine-0/internal/domain/admin/handler.go:67.2,67.23 1 0
gengine-0/internal/domain/admin/handler.go:67.23,69.3 1 0
gengine-0/internal/domain/admin/handler.go:69.8,71.3 1 0
gengine-0/internal/domain/admin/handler.go:72.2,74.46 2 0
gengine-0/internal/domain/admin/handler.go:78.51,81.31 3 0
gengine-0/internal/domain/admin/handler.go:81.31,84.3 2 0
gengine-0/internal/domain/admin/handler.go:86.2,87.46 2 0
gengine-0/internal/domain/admin/handler.go:93.50,97.16 4 0
gengine-0/internal/domain/admin/handler.go:98.15,99.41 1 0
gengine-0/internal/domain/admin/handler.go:100.19,101.42 1 0
gengine-0/internal/domain/admin/handler.go:103.2,110.4 2 0
gengine-0/internal/domain/admin/handler.go:114.51,117.31 3 0
gengine-0/internal/domain/admin/handler.go:117.31,120.3 2 0
gengine-0/internal/domain/admin/handler.go:122.2,123.46 2 0
gengine-0/internal/domain/admin/handler.go:129.49,132.14 3 0
gengine-0/internal/domain/admin/handler.go:132.14,134.3 1 0
gengine-0/internal/domain/admin/handler.go:135.2,135.34 1 0
gengine-0/internal/domain/admin/handler.go:135.34,137.3 1 0
gengine-0/internal/domain/admin/handler.go:139.2,143.16 4 0
gengine-0/internal/domain/admin/handler.go:143.16,146.3 2 0
gengine-0/internal/domain/admin/handler.go:148.2,151.18 3 0
gengine-0/internal/domain/admin/handler.go:151.18,153.3 1 0
gengine-0/internal/domain/admin/handler.go:154.2,155.27 2 0
gengine-0/internal/domain/admin/handler.go:155.27,157.3 1 0
gengine-0/internal/domain/admin/handler.go:159.2,169.4 1 0
gengine-0/internal/domain/admin/handler.go:175.52,177.16 2 0
gengine-0/internal/domain/admin/handler.go:177.16,180.3 2 0
gengine-0/internal/domain/admin/handler.go:181.2,188.4 2 0
gengine-0/internal/domain/admin/handler.go:192.53,193.52 1 0
gengine-0/internal/domain/admin/handler.go:193.52,196.3 2 0
gengine-0/internal/domain/admin/handler.go:197.2,197.48 1 0
gengine-0/internal/domain/admin/handler.go:201.55,204.16 3 0
gengine-0/internal/domain/admin/handler.go:204.16,207.3 2 0
gengine-0/internal/domain/admin/handler.go:208.2,208.14 1 0
gengine-0/internal/domain/admin/handler.go:212.54,213.56 1 0
gengine-0/internal/domain/admin/handler.go:213.56,216.3 2 0
gengine-0/internal/domain/admin/handler.go:217.2,217.48 1 0
gengine-0/internal/domain/admin/routes.go:15.74,26.2 9 0
gengine-0/internal/domain/admin/routes.go:26.2,37.3 10 0
gengine-0/internal/domain/admin/routes.go:40.55,41.30 1 0
gengine-0/internal/domain/admin/routes.go:41.30,43.18 2 0
gengine-0/internal/domain/admin/routes.go:43.18,46.4 2 0
gengine-0/internal/domain/admin/routes.go:47.3,49.36 3 0
gengine-0/internal/domain/admin/routes.go:49.36,52.4 2 0
gengine-0/internal/domain/admin/routes.go:53.3,53.11 1 0
gengine-0/internal/domain/admin/service.go:24.49,26.2 1 0
gengine-0/internal/domain/admin/service.go:29.99,38.2 2 0
gengine-0/internal/domain/admin/service.go:41.101,44.21 2 0
gengine-0/internal/domain/admin/service.go:44.21,45.53 1 0
gengine-0/internal/domain/admin/service.go:45.53,47.4 1 0
gengine-0/internal/domain/admin/service.go:49.2,49.18 1 0
gengine-0/internal/domain/admin/service.go:49.18,51.3 1 0
gengine-0/internal/domain/admin/service.go:53.2,59.25 6 0
gengine-0/internal/domain/admin/service.go:72.85,73.21 1 0
gengine-0/internal/domain/admin/service.go:73.21,75.3 1 0
gengine-0/internal/domain/admin/service.go:76.2,80.3 1 0
gengine-0/internal/domain/admin/service.go:84.43,86.55 1 0
gengine-0/internal/domain/admin/service.go:86.55,88.3 1 0
gengine-0/internal/domain/admin/service.go:90.2,99.21 7 0
gengine-0/internal/domain/admin/service.go:99.21,102.3 2 0
gengine-0/internal/domain/admin/service.go:103.2,105.54 3 0
gengine-0/internal/domain/admin/service.go:105.54,108.3 2 0
gengine-0/internal/domain/admin/service.go:109.2,112.56 4 0
gengine-0/internal/domain/admin/service.go:112.56,115.53 3 0
gengine-0/internal/domain/admin/service.go:115.53,118.4 2 0
gengine-0/internal/domain/admin/service.go:118.9,120.4 1 0
gengine-0/internal/domain/admin/service.go:124.2,134.16 4 0
gengine-0/internal/domain/admin/service.go:134.16,136.3 1 0
gengine-0/internal/domain/admin/service.go:139.2,141.16 3 0
gengine-0/internal/domain/admin/service.go:141.16,143.3 1 0
gengine-0/internal/domain/admin/service.go:146.2,152.51 2 0
gengine-0/internal/domain/admin/service.go:152.51,154.3 1 0
gengine-0/internal/domain/admin/service.go:157.2,157.26 1 0
gengine-0/internal/domain/admin/service.go:161.50,165.2 3 0
gengine-0/internal/domain/admin/service.go:168.65,170.60 2 0
gengine-0/internal/domain/admin/service.go:170.60,172.3 1 0
gengine-0/internal/domain/admin/service.go:173.2,173.60 1 0
gengine-0/internal/domain/admin/service.go:173.60,175.3 1 0
gengine-0/internal/domain/admin/service.go:176.2,176.29 1 0
gengine-0/internal/domain/admin/service.go:180.47,183.34 3 0
gengine-0/internal/domain/admin/service.go:183.34,185.3 1 0
gengine-0/internal/domain/admin/service.go:188.2,192.32 4 0
gengine-0/internal/domain/admin/service.go:192.32,197.3 2 0
gengine-0/internal/domain/admin/service.go:198.2,198.12 1 0
gengine-0/internal/domain/admin/service.go:202.45,204.2 1 0
gengine-0/internal/domain/calendar/handler.go:18.55,20.2 1 0
gengine-0/internal/domain/calendar/handler.go:22.56,26.2 1 0
gengine-0/internal/domain/calendar/handler.go:28.56,32.29 3 0
gengine-0/internal/domain/calendar/handler.go:32.29,36.3 3 0
gengine-0/internal/domain/calendar/handler.go:38.2,48.26 6 0
gengine-0/internal/domain/calendar/handler.go:48.26,55.3 2 0
gengine-0/internal/domain/calendar/handler.go:57.2,61.4 1 0
gengine-0/internal/domain/calendar/routes.go:8.54,12.2 3 0
gengine-0/internal/domain/export/handler.go:28.18,34.2 1 0
gengine-0/internal/domain/export/handler.go:37.55,41.76 3 0
gengine-0/internal/domain/export/handler.go:41.76,44.3 2 0
gengine-0/internal/domain/export/handler.go:46.2,48.48 3 0
gengine-0/internal/domain/export/handler.go:52.56,59.2 2 0
gengine-0/internal/domain/export/handler.go:62.52,65.16 3 0
gengine-0/internal/domain/export/handler.go:65.16,73.3 2 0
gengine-0/internal/domain/export/handler.go:74.2,74.15 1 0
gengine-0/internal/domain/export/handler.go:74.15,74.35 1 0
gengine-0/internal/domain/export/handler.go:77.2,77.32 1 0
gengine-0/internal/domain/export/handler.go:77.32,85.3 2 0
gengine-0/internal/domain/export/handler.go:88.2,89.67 2 0
gengine-0/internal/domain/export/handler.go:89.67,97.3 2 0
gengine-0/internal/domain/export/handler.go:99.2,99.78 1 0
gengine-0/internal/domain/export/handler.go:99.78,107.3 2 0
gengine-0/internal/domain/export/handler.go:109.2,109.70 1 0
gengine-0/internal/domain/export/handler.go:113.58,117.79 3 0
gengine-0/internal/domain/export/handler.go:117.79,120.3 2 0
gengine-0/internal/domain/export/handler.go:122.2,124.48 3 0
gengine-0/internal/domain/export/handler.go:128.55,134.16 4 0
gengine-0/internal/domain/export/handler.go:134.16,137.3 2 0
gengine-0/internal/domain/export/handler.go:139.2,140.76 2 0
gengine-0/internal/domain/export/handler.go:140.76,143.3 2 0
gengine-0/internal/domain/export/handler.go:145.2,147.55 3 0
gengine-0/internal/domain/export/handler.go:151.61,156.16 4 0
gengine-0/internal/domain/export/handler.go:156.16,159.3 2 0
gengine-0/internal/domain/export/handler.go:161.2,162.82 2 0
gengine-0/internal/domain/export/handler.go:162.82,165.3 2 0
gengine-0/internal/domain/export/handler.go:167.2,169.55 3 0
gengine-0/internal/domain/export/routes.go:20.3,33.2 10 0
gengine-0/internal/domain/export/routes.go:33.2,38.3 4 0
gengine-0/internal/domain/export/routes.go:40.2,42.2 3 0
gengine-0/internal/domain/export/routes.go:42.2,45.3 2 0
gengine-0/internal/domain/export/service.go:25.51,27.2 1 0
gengine-0/internal/domain/export/service.go:30.73,37.16 3 0
gengine-0/internal/domain/export/service.go:37.16,39.3 1 0
gengine-0/internal/domain/export/service.go:41.2,47.29 4 0
gengine-0/internal/domain/export/service.go:47.29,48.35 1 0
gengine-0/internal/domain/export/service.go:48.35,50.32 2 0
gengine-0/internal/domain/export/service.go:50.32,52.5 1 0
gengine-0/internal/domain/export/service.go:53.4,59.6 1 0
gengine-0/internal/domain/export/service.go:62.2,62.12 1 0
gengine-0/internal/domain/export/service.go:66.75,70.41 2 0
gengine-0/internal/domain/export/service.go:70.41,72.3 1 0
gengine-0/internal/domain/export/service.go:75.2,76.53 2 0
gengine-0/internal/domain/export/service.go:76.53,78.3 1 0
gengine-0/internal/domain/export/service.go:80.2,82.6 2 0
gengine-0/internal/domain/export/service.go:82.6,84.20 2 0
gengine-0/internal/domain/export/service.go:84.20,85.9 1 0
gengine-0/internal/domain/export/service.go:87.3,87.17 1 0
gengine-0/internal/domain/export/service.go:87.17,89.4 1 0
gengine-0/internal/domain/export/service.go:90.3,90.22 1 0
gengine-0/internal/domain/export/service.go:90.22,91.12 1 0
gengine-0/internal/domain/export/service.go:94.3,95.17 2 0
gengine-0/internal/domain/export/service.go:95.17,97.4 1 0
gengine-0/internal/domain/export/service.go:98.3,105.14 6 0
gengine-0/internal/domain/export/service.go:105.14,108.18 3 0
gengine-0/internal/domain/export/service.go:108.18,110.5 1 0
gengine-0/internal/domain/export/service.go:110.10,116.56 2 0
gengine-0/internal/domain/export/service.go:116.56,118.6 1 0
gengine-0/internal/domain/export/service.go:119.5,119.20 1 0
gengine-0/internal/domain/export/service.go:121.4,121.23 1 0
gengine-0/internal/domain/export/service.go:125.3,130.54 2 0
gengine-0/internal/domain/export/service.go:130.54,132.4 1 0
gengine-0/internal/domain/export/service.go:135.3,135.23 1 0
gengine-0/internal/domain/export/service.go:135.23,137.31 2 0
gengine-0/internal/domain/export/service.go:137.31,139.19 2 0
gengine-0/internal/domain/export/service.go:139.19,140.14 1 0
gengine-0/internal/domain/export/service.go:142.5,146.54 2 0
gengine-0/internal/domain/export/service.go:146.54,148.6 1 0
gengine-0/internal/domain/export/service.go:152.2,152.12 1 0
gengine-0/internal/domain/export/service.go:156.76,162.16 3 0
gengine-0/internal/domain/export/service.go:162.16,164.3 1 0
gengine-0/internal/domain/export/service.go:166.2,171.29 4 0
gengine-0/internal/domain/export/service.go:171.29,173.21 2 0
gengine-0/internal/domain/export/service.go:173.21,175.4 1 0
gengine-0/internal/domain/export/service.go:176.3,177.30 2 0
gengine-0/internal/domain/export/service.go:177.30,179.4 1 0
gengine-0/internal/domain/export/service.go:180.3,181.40 2 0
gengine-0/internal/domain/export/service.go:181.40,185.4 3 0
gengine-0/internal/domain/export/service.go:186.3,191.5 1 0
gengine-0/internal/domain/export/service.go:193.2,193.12 1 0
gengine-0/internal/domain/export/service.go:197.73,199.53 2 0
gengine-0/internal/domain/export/service.go:199.53,201.3 1 0
gengine-0/internal/domain/export/service.go:203.2,204.129 2 0
gengine-0/internal/domain/export/service.go:204.129,206.3 1 0
gengine-0/internal/domain/export/service.go:208.2,219.29 8 0
gengine-0/internal/domain/export/service.go:219.29,224.28 4 0
gengine-0/internal/domain/export/service.go:224.28,228.4 3 0
gengine-0/internal/domain/export/service.go:230.3,230.35 1 0
gengine-0/internal/domain/export/service.go:230.35,235.20 4 0
gengine-0/internal/domain/export/service.go:235.20,239.5 3 0
gengine-0/internal/domain/export/service.go:241.4,241.26 1 0
gengine-0/internal/domain/export/service.go:241.26,244.33 3 0
gengine-0/internal/domain/export/service.go:244.33,246.6 1 0
gengine-0/internal/domain/export/service.go:247.5,248.14 2 0
gengine-0/internal/domain/export/service.go:251.3,251.12 1 0
gengine-0/internal/domain/export/service.go:254.2,254.22 1 0
gengine-0/internal/domain/export/service.go:258.79,260.53 2 0
gengine-0/internal/domain/export/service.go:260.53,262.3 1 0
gengine-0/internal/domain/export/service.go:264.2,268.37 2 0
gengine-0/internal/domain/export/service.go:268.37,270.3 1 0
gengine-0/internal/domain/export/service.go:272.2,280.29 6 0
gengine-0/internal/domain/export/service.go:280.29,283.21 3 0
gengine-0/internal/domain/export/service.go:283.21,285.4 1 0
gengine-0/internal/domain/export/service.go:286.3,290.30 4 0
gengine-0/internal/domain/export/service.go:290.30,292.4 1 0
gengine-0/internal/domain/export/service.go:293.3,298.40 4 0
gengine-0/internal/domain/export/service.go:298.40,300.28 2 0
gengine-0/internal/domain/export/service.go:300.28,303.5 2 0
gengine-0/internal/domain/export/service.go:304.4,307.13 4 0
gengine-0/internal/domain/export/service.go:309.3,309.12 1 0
gengine-0/internal/domain/export/service.go:312.2,312.22 1 0
gengine-0/internal/domain/export/service.go:316.45,320.11 4 0
gengine-0/internal/domain/export/service.go:320.11,322.3 1 0
gengine-0/internal/domain/export/service.go:323.2,323.41 1 0
